19/07/2014 23:20:01 (Std) 	+-+-+-+-+-+-+-+-+-+-+-+-+-+-+-+-+-+-+-+-+-+-+-+-+-+-+-+-+-+-+-+-+-+-+-+-+-+-+-+
19/07/2014 23:20:01 (Std) 	+                     Crazy Eddie's GUI System - Event log                    +
19/07/2014 23:20:01 (Std) 	+                          (http://www.cegui.org.uk/)                         +
19/07/2014 23:20:01 (Std) 	+-+-+-+-+-+-+-+-+-+-+-+-+-+-+-+-+-+-+-+-+-+-+-+-+-+-+-+-+-+-+-+-+-+-+-+-+-+-+-+

19/07/2014 23:20:01 (Std) 	CEGUI::Logger singleton created. (00B29A90)
19/07/2014 23:20:01 (Std) 	
19/07/2014 23:20:01 (Std) 	********************************************************************************
19/07/2014 23:20:01 (Std) 	* Important:                                                                   *
19/07/2014 23:20:01 (Std) 	*     To get support at the CEGUI forums, you must post _at least_ the section *
19/07/2014 23:20:01 (Std) 	*     of this log file indicated below.  Failure to do this will result in no  *
19/07/2014 23:20:01 (Std) 	*     support being given; please do not waste our time.                       *
19/07/2014 23:20:01 (Std) 	********************************************************************************
19/07/2014 23:20:01 (Std) 	********************************************************************************
19/07/2014 23:20:01 (Std) 	* -------- START OF ESSENTIAL SECTION TO BE POSTED ON THE FORUM       -------- *
19/07/2014 23:20:01 (Std) 	********************************************************************************
19/07/2014 23:20:01 (Std) 	---- Version: 0.8.3 (Build: Jun 21 2014 Debug Microsoft Windows MSVC++ 10.0 32 bit) ----
19/07/2014 23:20:01 (Std) 	---- Renderer module is: CEGUI::OpenGL3Renderer - Official OpenGL 3.2 core based renderer module.  TextureTarget support enabled via FBO OGL 3.2 core implementation. ----
19/07/2014 23:20:01 (Std) 	---- XML Parser module is: CEGUI::ExpatParser - Official expat based parser module for CEGUI ----
19/07/2014 23:20:01 (Std) 	---- Image Codec module is: SILLYImageCodec - Official SILLY based image codec ----
19/07/2014 23:20:01 (Std) 	---- Scripting module is: None ----
19/07/2014 23:20:01 (Std) 	********************************************************************************
19/07/2014 23:20:01 (Std) 	* -------- END OF ESSENTIAL SECTION TO BE POSTED ON THE FORUM         -------- *
19/07/2014 23:20:01 (Std) 	********************************************************************************
19/07/2014 23:20:01 (Std) 	
19/07/2014 23:20:01 (Std) 	---- Begining CEGUI System initialisation ----
19/07/2014 23:20:01 (Std) 	[CEGUI::ImageManager] Singleton created (00B2AEE0)
19/07/2014 23:20:01 (Std) 	[CEGUI::ImageManager] Registered Image type: BasicImage
19/07/2014 23:20:01 (Std) 	CEGUI::FontManager singleton created. (00B2D018)
19/07/2014 23:20:01 (Std) 	CEGUI::WindowFactoryManager singleton created
19/07/2014 23:20:01 (Std) 	CEGUI::WindowManager singleton created (00B2D3D0)
19/07/2014 23:20:01 (Std) 	CEGUI::SchemeManager singleton created. (00B2DD70)
19/07/2014 23:20:01 (Std) 	CEGUI::GlobalEventSet singleton created. (00B2E048)
19/07/2014 23:20:01 (Std) 	CEGUI::AnimationManager singleton created (00B2DC80)
19/07/2014 23:20:01 (Std) 	CEGUI::WidgetLookManager singleton created. (00B2EF30)
19/07/2014 23:20:01 (Std) 	CEGUI::WindowRendererManager singleton created (00B2E270)
19/07/2014 23:20:01 (Std) 	CEGUI::RenderEffectManager singleton created (00B2E660)
19/07/2014 23:20:01 (Std) 	Created WindowFactory for 'DefaultWindow' windows.
19/07/2014 23:20:01 (Std) 	WindowFactory for 'DefaultWindow' windows added. (04891C20)
19/07/2014 23:20:01 (Std) 	Created WindowFactory for 'DragContainer' windows.
19/07/2014 23:20:01 (Std) 	WindowFactory for 'DragContainer' windows added. (04891E80)
19/07/2014 23:20:01 (Std) 	Created WindowFactory for 'ScrolledContainer' windows.
19/07/2014 23:20:01 (Std) 	WindowFactory for 'ScrolledContainer' windows added. (04892040)
19/07/2014 23:20:01 (Std) 	Created WindowFactory for 'ClippedContainer' windows.
19/07/2014 23:20:01 (Std) 	WindowFactory for 'ClippedContainer' windows added. (04892200)
19/07/2014 23:20:01 (Std) 	Created WindowFactory for 'CEGUI/PushButton' windows.
19/07/2014 23:20:01 (Std) 	WindowFactory for 'CEGUI/PushButton' windows added. (048923C0)
19/07/2014 23:20:01 (Std) 	Created WindowFactory for 'CEGUI/RadioButton' windows.
19/07/2014 23:20:01 (Std) 	WindowFactory for 'CEGUI/RadioButton' windows added. (04892580)
19/07/2014 23:20:01 (Std) 	Created WindowFactory for 'CEGUI/Combobox' windows.
19/07/2014 23:20:01 (Std) 	WindowFactory for 'CEGUI/Combobox' windows added. (04892740)
19/07/2014 23:20:01 (Std) 	Created WindowFactory for 'CEGUI/ComboDropList' windows.
19/07/2014 23:20:01 (Std) 	WindowFactory for 'CEGUI/ComboDropList' windows added. (04892960)
19/07/2014 23:20:01 (Std) 	Created WindowFactory for 'CEGUI/Editbox' windows.
19/07/2014 23:20:01 (Std) 	WindowFactory for 'CEGUI/Editbox' windows added. (04892B20)
19/07/2014 23:20:01 (Std) 	Created WindowFactory for 'CEGUI/FrameWindow' windows.
19/07/2014 23:20:01 (Std) 	WindowFactory for 'CEGUI/FrameWindow' windows added. (04892D80)
19/07/2014 23:20:01 (Std) 	Created WindowFactory for 'CEGUI/ItemEntry' windows.
19/07/2014 23:20:01 (Std) 	WindowFactory for 'CEGUI/ItemEntry' windows added. (04892F40)
19/07/2014 23:20:01 (Std) 	Created WindowFactory for 'CEGUI/Listbox' windows.
19/07/2014 23:20:01 (Std) 	WindowFactory for 'CEGUI/Listbox' windows added. (04893100)
19/07/2014 23:20:01 (Std) 	Created WindowFactory for 'CEGUI/ListHeader' windows.
19/07/2014 23:20:01 (Std) 	WindowFactory for 'CEGUI/ListHeader' windows added. (048932C0)
19/07/2014 23:20:01 (Std) 	Created WindowFactory for 'CEGUI/ListHeaderSegment' windows.
19/07/2014 23:20:01 (Std) 	WindowFactory for 'CEGUI/ListHeaderSegment' windows added. (04893480)
19/07/2014 23:20:01 (Std) 	Created WindowFactory for 'CEGUI/Menubar' windows.
19/07/2014 23:20:01 (Std) 	WindowFactory for 'CEGUI/Menubar' windows added. (04893710)
19/07/2014 23:20:01 (Std) 	Created WindowFactory for 'CEGUI/PopupMenu' windows.
19/07/2014 23:20:01 (Std) 	WindowFactory for 'CEGUI/PopupMenu' windows added. (048938D0)
19/07/2014 23:20:01 (Std) 	Created WindowFactory for 'CEGUI/MenuItem' windows.
19/07/2014 23:20:01 (Std) 	WindowFactory for 'CEGUI/MenuItem' windows added. (04893A90)
19/07/2014 23:20:01 (Std) 	Created WindowFactory for 'CEGUI/MultiColumnList' windows.
19/07/2014 23:20:01 (Std) 	WindowFactory for 'CEGUI/MultiColumnList' windows added. (04893C50)
19/07/2014 23:20:01 (Std) 	Created WindowFactory for 'CEGUI/MultiLineEditbox' windows.
19/07/2014 23:20:01 (Std) 	WindowFactory for 'CEGUI/MultiLineEditbox' windows added. (04893E10)
19/07/2014 23:20:01 (Std) 	Created WindowFactory for 'CEGUI/ProgressBar' windows.
19/07/2014 23:20:01 (Std) 	WindowFactory for 'CEGUI/ProgressBar' windows added. (04893FD0)
19/07/2014 23:20:01 (Std) 	Created WindowFactory for 'CEGUI/ScrollablePane' windows.
19/07/2014 23:20:01 (Std) 	WindowFactory for 'CEGUI/ScrollablePane' windows added. (04894190)
19/07/2014 23:20:01 (Std) 	Created WindowFactory for 'CEGUI/Scrollbar' windows.
19/07/2014 23:20:01 (Std) 	WindowFactory for 'CEGUI/Scrollbar' windows added. (04894350)
19/07/2014 23:20:01 (Std) 	Created WindowFactory for 'CEGUI/Slider' windows.
19/07/2014 23:20:01 (Std) 	WindowFactory for 'CEGUI/Slider' windows added. (04894510)
19/07/2014 23:20:01 (Std) 	Created WindowFactory for 'CEGUI/Spinner' windows.
19/07/2014 23:20:01 (Std) 	WindowFactory for 'CEGUI/Spinner' windows added. (048946D0)
19/07/2014 23:20:01 (Std) 	Created WindowFactory for 'CEGUI/TabButton' windows.
19/07/2014 23:20:01 (Std) 	WindowFactory for 'CEGUI/TabButton' windows added. (04894890)
19/07/2014 23:20:01 (Std) 	Created WindowFactory for 'CEGUI/TabControl' windows.
19/07/2014 23:20:01 (Std) 	WindowFactory for 'CEGUI/TabControl' windows added. (04894A50)
19/07/2014 23:20:01 (Std) 	Created WindowFactory for 'CEGUI/Thumb' windows.
19/07/2014 23:20:01 (Std) 	WindowFactory for 'CEGUI/Thumb' windows added. (04894C10)
19/07/2014 23:20:01 (Std) 	Created WindowFactory for 'CEGUI/Titlebar' windows.
19/07/2014 23:20:01 (Std) 	WindowFactory for 'CEGUI/Titlebar' windows added. (04894DD0)
19/07/2014 23:20:01 (Std) 	Created WindowFactory for 'CEGUI/ToggleButton' windows.
19/07/2014 23:20:01 (Std) 	WindowFactory for 'CEGUI/ToggleButton' windows added. (04894F90)
19/07/2014 23:20:01 (Std) 	Created WindowFactory for 'CEGUI/Tooltip' windows.
19/07/2014 23:20:01 (Std) 	WindowFactory for 'CEGUI/Tooltip' windows added. (04895238)
19/07/2014 23:20:01 (Std) 	Created WindowFactory for 'CEGUI/ItemListbox' windows.
19/07/2014 23:20:01 (Std) 	WindowFactory for 'CEGUI/ItemListbox' windows added. (048953F8)
19/07/2014 23:20:01 (Std) 	Created WindowFactory for 'CEGUI/GroupBox' windows.
19/07/2014 23:20:01 (Std) 	WindowFactory for 'CEGUI/GroupBox' windows added. (048955B8)
19/07/2014 23:20:01 (Std) 	Created WindowFactory for 'CEGUI/Tree' windows.
19/07/2014 23:20:01 (Std) 	WindowFactory for 'CEGUI/Tree' windows added. (04895778)
19/07/2014 23:20:01 (Std) 	Created WindowFactory for 'LayoutCell' windows.
19/07/2014 23:20:01 (Std) 	WindowFactory for 'LayoutCell' windows added. (04895938)
19/07/2014 23:20:01 (Std) 	Created WindowFactory for 'HorizontalLayoutContainer' windows.
19/07/2014 23:20:01 (Std) 	WindowFactory for 'HorizontalLayoutContainer' windows added. (04895AF8)
19/07/2014 23:20:01 (Std) 	Created WindowFactory for 'VerticalLayoutContainer' windows.
19/07/2014 23:20:01 (Std) 	WindowFactory for 'VerticalLayoutContainer' windows added. (04895CB8)
19/07/2014 23:20:01 (Std) 	Created WindowFactory for 'GridLayoutContainer' windows.
19/07/2014 23:20:01 (Std) 	WindowFactory for 'GridLayoutContainer' windows added. (04895E78)
19/07/2014 23:20:01 (Std) 	CEGUI::System singleton created. (00B29450)
19/07/2014 23:20:01 (Std) 	---- CEGUI System initialisation completed ----
19/07/2014 23:20:01 (Std) 	
19/07/2014 23:20:01 (Std) 	Started creation of Scheme from XML specification:
19/07/2014 23:20:01 (Std) 	---- CEGUI GUIScheme name: TaharezLook
19/07/2014 23:20:01 (Std) 	[ImageManager] Started creation of Imageset from XML specification:
19/07/2014 23:20:01 (Std) 	[ImageManager] ---- CEGUI Imageset name: TaharezLook
19/07/2014 23:20:01 (Std) 	[ImageManager] ---- Source texture file: TaharezLook.png
19/07/2014 23:20:01 (Std) 	[ImageManager] ---- Source texture resource group: (Default)
19/07/2014 23:20:01 (Std) 	[OpenGLRenderer] Created texture: TaharezLook
19/07/2014 23:20:01 (Std) 	[ImageManager] Created image: 'TaharezLook/ClientBrush' (048A65F0) of type: BasicImage
19/07/2014 23:20:01 (Std) 	[ImageManager] Created image: 'TaharezLook/GenericBrush' (048A6470) of type: BasicImage
19/07/2014 23:20:01 (Std) 	[ImageManager] Created image: 'TaharezLook/WindowLeftEdge' (048A72B8) of type: BasicImage
19/07/2014 23:20:01 (Std) 	[ImageManager] Created image: 'TaharezLook/WindowRightEdge' (048A6170) of type: BasicImage
19/07/2014 23:20:01 (Std) 	[ImageManager] Created image: 'TaharezLook/WindowTopEdge' (048A5CF0) of type: BasicImage
19/07/2014 23:20:01 (Std) 	[ImageManager] Created image: 'TaharezLook/WindowBottomEdge' (048A7138) of type: BasicImage
19/07/2014 23:20:01 (Std) 	[ImageManager] Created image: 'TaharezLook/WindowTopLeft' (048A74C8) of type: BasicImage
19/07/2014 23:20:01 (Std) 	[ImageManager] Created image: 'TaharezLook/WindowTopRight' (048A76D8) of type: BasicImage
19/07/2014 23:20:01 (Std) 	[ImageManager] Created image: 'TaharezLook/WindowBottomLeft' (048BFD18) of type: BasicImage
19/07/2014 23:20:01 (Std) 	[ImageManager] Created image: 'TaharezLook/WindowBottomRight' (048BFA18) of type: BasicImage
19/07/2014 23:20:01 (Std) 	[ImageManager] Created image: 'TaharezLook/ButtonLeftNormal' (048A7D88) of type: BasicImage
19/07/2014 23:20:01 (Std) 	[ImageManager] Created image: 'TaharezLook/ButtonMiddleNormal' (048A7EA8) of type: BasicImage
19/07/2014 23:20:01 (Std) 	[ImageManager] Created image: 'TaharezLook/ButtonRightNormal' (048A80B8) of type: BasicImage
19/07/2014 23:20:01 (Std) 	[ImageManager] Created image: 'TaharezLook/ButtonLeftPushed' (048A6FB8) of type: BasicImage
19/07/2014 23:20:01 (Std) 	[ImageManager] Created image: 'TaharezLook/ButtonMiddlePushed' (048A59F0) of type: BasicImage
19/07/2014 23:20:01 (Std) 	[ImageManager] Created image: 'TaharezLook/ButtonRightPushed' (048A8868) of type: BasicImage
19/07/2014 23:20:01 (Std) 	[ImageManager] Created image: 'TaharezLook/ButtonLeftHighlight' (048A8988) of type: BasicImage
19/07/2014 23:20:01 (Std) 	[ImageManager] Created image: 'TaharezLook/ButtonMiddleHighlight' (048A8C68) of type: BasicImage
19/07/2014 23:20:01 (Std) 	[ImageManager] Created image: 'TaharezLook/ButtonRightHighlight' (048A8448) of type: BasicImage
19/07/2014 23:20:01 (Std) 	[ImageManager] Created image: 'TaharezLook/CheckboxNormal' (048A9298) of type: BasicImage
19/07/2014 23:20:01 (Std) 	[ImageManager] Created image: 'TaharezLook/CheckboxHover' (048A9618) of type: BasicImage
19/07/2014 23:20:01 (Std) 	[ImageManager] Created image: 'TaharezLook/CheckboxMark' (048A9828) of type: BasicImage
19/07/2014 23:20:01 (Std) 	[ImageManager] Created image: 'TaharezLook/RadioButtonNormal' (048A9A38) of type: BasicImage
19/07/2014 23:20:01 (Std) 	[ImageManager] Created image: 'TaharezLook/RadioButtonHover' (048A9C48) of type: BasicImage
19/07/2014 23:20:01 (Std) 	[ImageManager] Created image: 'TaharezLook/RadioButtonMark' (048A9E58) of type: BasicImage
19/07/2014 23:20:01 (Std) 	[ImageManager] Created image: 'TaharezLook/TitlebarLeft' (048AA068) of type: BasicImage
19/07/2014 23:20:01 (Std) 	[ImageManager] Created image: 'TaharezLook/TitlebarMiddle' (048AA278) of type: BasicImage
19/07/2014 23:20:01 (Std) 	[ImageManager] Created image: 'TaharezLook/TitlebarRight' (048AA558) of type: BasicImage
19/07/2014 23:20:01 (Std) 	[ImageManager] Created image: 'TaharezLook/NewTitlebarLeft' (048AA768) of type: BasicImage
19/07/2014 23:20:01 (Std) 	[ImageManager] Created image: 'TaharezLook/NewTitlebarMiddle' (048AAAF8) of type: BasicImage
19/07/2014 23:20:01 (Std) 	[ImageManager] Created image: 'TaharezLook/NewTitlebarRight' (0489CD38) of type: BasicImage
19/07/2014 23:20:01 (Std) 	[ImageManager] Created image: 'TaharezLook/SysAreaMiddle' (0489CF48) of type: BasicImage
19/07/2014 23:20:01 (Std) 	[ImageManager] Created image: 'TaharezLook/SysAreaRight' (0489D158) of type: BasicImage
19/07/2014 23:20:01 (Std) 	[ImageManager] Created image: 'TaharezLook/StaticLeft' (0489D368) of type: BasicImage
19/07/2014 23:20:01 (Std) 	[ImageManager] Created image: 'TaharezLook/StaticRight' (0489D578) of type: BasicImage
19/07/2014 23:20:01 (Std) 	[ImageManager] Created image: 'TaharezLook/StaticTop' (0489D788) of type: BasicImage
19/07/2014 23:20:01 (Std) 	[ImageManager] Created image: 'TaharezLook/StaticBottom' (0489D998) of type: BasicImage
19/07/2014 23:20:01 (Std) 	[ImageManager] Created image: 'TaharezLook/StaticTopLeft' (0489DBA8) of type: BasicImage
19/07/2014 23:20:01 (Std) 	[ImageManager] Created image: 'TaharezLook/StaticTopRight' (0489DDB8) of type: BasicImage
19/07/2014 23:20:01 (Std) 	[ImageManager] Created image: 'TaharezLook/StaticBottomLeft' (0489DFC8) of type: BasicImage
19/07/2014 23:20:01 (Std) 	[ImageManager] Created image: 'TaharezLook/StaticBottomRight' (0489E1D8) of type: BasicImage
19/07/2014 23:20:01 (Std) 	[ImageManager] Created image: 'TaharezLook/StaticBackdrop' (0489E3E8) of type: BasicImage
19/07/2014 23:20:01 (Std) 	[ImageManager] Created image: 'TaharezLook/ProgressBarLeft' (0489E5F8) of type: BasicImage
19/07/2014 23:20:01 (Std) 	[ImageManager] Created image: 'TaharezLook/ProgressBarMiddle' (0489E808) of type: BasicImage
19/07/2014 23:20:01 (Std) 	[ImageManager] Created image: 'TaharezLook/ProgressBarRight' (0489EA18) of type: BasicImage
19/07/2014 23:20:01 (Std) 	[ImageManager] Created image: 'TaharezLook/ProgressBarDimSegment' (0489EC28) of type: BasicImage
19/07/2014 23:20:01 (Std) 	[ImageManager] Created image: 'TaharezLook/ProgressBarLitSegment' (0489F090) of type: BasicImage
19/07/2014 23:20:01 (Std) 	[ImageManager] Created image: 'TaharezLook/EditBoxLeft' (0489F430) of type: BasicImage
19/07/2014 23:20:01 (Std) 	[ImageManager] Created image: 'TaharezLook/EditBoxMiddle' (0489F640) of type: BasicImage
19/07/2014 23:20:01 (Std) 	[ImageManager] Created image: 'TaharezLook/EditBoxRight' (0489F850) of type: BasicImage
19/07/2014 23:20:01 (Std) 	[ImageManager] Created image: 'TaharezLook/EditBoxCaret' (0489FA60) of type: BasicImage
19/07/2014 23:20:01 (Std) 	[ImageManager] Created image: 'TaharezLook/SpinnerUpNormal' (0489FC70) of type: BasicImage
19/07/2014 23:20:01 (Std) 	[ImageManager] Created image: 'TaharezLook/SpinnerDownNormal' (0489FE80) of type: BasicImage
19/07/2014 23:20:01 (Std) 	[ImageManager] Created image: 'TaharezLook/SpinnerUpHover' (048A0090) of type: BasicImage
19/07/2014 23:20:01 (Std) 	[ImageManager] Created image: 'TaharezLook/SpinnerDownHover' (048A02A0) of type: BasicImage
19/07/2014 23:20:01 (Std) 	[ImageManager] Created image: 'TaharezLook/TextSelectionBrush' (048A04B0) of type: BasicImage
19/07/2014 23:20:01 (Std) 	[ImageManager] Created image: 'TaharezLook/VertScrollTop' (048A06C0) of type: BasicImage
19/07/2014 23:20:01 (Std) 	[ImageManager] Created image: 'TaharezLook/VertScrollMiddle' (048A08D0) of type: BasicImage
19/07/2014 23:20:01 (Std) 	[ImageManager] Created image: 'TaharezLook/VertScrollBottom' (048A0AE0) of type: BasicImage
19/07/2014 23:20:01 (Std) 	[ImageManager] Created image: 'TaharezLook/VertScrollBarSegment' (048A0CF0) of type: BasicImage
19/07/2014 23:20:01 (Std) 	[ImageManager] Created image: 'TaharezLook/VertScrollThumbNormal' (048A1080) of type: BasicImage
19/07/2014 23:20:01 (Std) 	[ImageManager] Created image: 'TaharezLook/VertScrollThumbHover' (048A14E8) of type: BasicImage
19/07/2014 23:20:01 (Std) 	[ImageManager] Created image: 'TaharezLook/VertScrollUpNormal' (048A17B8) of type: BasicImage
19/07/2014 23:20:01 (Std) 	[ImageManager] Created image: 'TaharezLook/VertScrollDownNormal' (048A19C8) of type: BasicImage
19/07/2014 23:20:01 (Std) 	[ImageManager] Created image: 'TaharezLook/VertScrollUpHover' (048A1D58) of type: BasicImage
19/07/2014 23:20:01 (Std) 	[ImageManager] Created image: 'TaharezLook/VertScrollDownHover' (048A1F68) of type: BasicImage
19/07/2014 23:20:01 (Std) 	[ImageManager] Created image: 'TaharezLook/MiniVertScrollBarSegment' (048A2478) of type: BasicImage
19/07/2014 23:20:01 (Std) 	[ImageManager] Created image: 'TaharezLook/MiniVertScrollThumbNormal' (048A28F8) of type: BasicImage
19/07/2014 23:20:01 (Std) 	[ImageManager] Created image: 'TaharezLook/MiniVertScrollThumbTopNormal' (048A2D90) of type: BasicImage
19/07/2014 23:20:01 (Std) 	[ImageManager] Created image: 'TaharezLook/MiniVertScrollThumbMiddleNormal' (048A3240) of type: BasicImage
19/07/2014 23:20:01 (Std) 	[ImageManager] Created image: 'TaharezLook/MiniVertScrollThumbBottomNormal' (048A22F8) of type: BasicImage
19/07/2014 23:20:01 (Std) 	[ImageManager] Created image: 'TaharezLook/MiniVertScrollThumbTopHover' (048A6E38) of type: BasicImage
19/07/2014 23:20:01 (Std) 	[ImageManager] Created image: 'TaharezLook/MiniVertScrollThumbMiddleHover' (048A3F10) of type: BasicImage
19/07/2014 23:20:01 (Std) 	[ImageManager] Created image: 'TaharezLook/MiniVertScrollThumbBottomHover' (048A6A48) of type: BasicImage
19/07/2014 23:20:01 (Std) 	[ImageManager] Created image: 'TaharezLook/MiniVertScrollThumbHover' (048A4780) of type: BasicImage
19/07/2014 23:20:01 (Std) 	[ImageManager] Created image: 'TaharezLook/MiniVertScrollUpNormal' (048A48A0) of type: BasicImage
19/07/2014 23:20:01 (Std) 	[ImageManager] Created image: 'TaharezLook/MiniVertScrollDownNormal' (048A53D0) of type: BasicImage
19/07/2014 23:20:01 (Std) 	[ImageManager] Created image: 'TaharezLook/MiniVertScrollUpHover' (048C0280) of type: BasicImage
19/07/2014 23:20:01 (Std) 	[ImageManager] Created image: 'TaharezLook/MiniVertScrollDownHover' (048C0558) of type: BasicImage
19/07/2014 23:20:01 (Std) 	[ImageManager] Created image: 'TaharezLook/VertSliderBody' (048C09D8) of type: BasicImage
19/07/2014 23:20:01 (Std) 	[ImageManager] Created image: 'TaharezLook/VertSliderThumbNormal' (048C0BE8) of type: BasicImage
19/07/2014 23:20:01 (Std) 	[ImageManager] Created image: 'TaharezLook/VertSliderThumbHover' (048C0EC0) of type: BasicImage
19/07/2014 23:20:01 (Std) 	[ImageManager] Created image: 'TaharezLook/MiniHorzScrollBarSegment' (048C1250) of type: BasicImage
19/07/2014 23:20:01 (Std) 	[ImageManager] Created image: 'TaharezLook/MiniHorzScrollThumbNormal' (048C1850) of type: BasicImage
19/07/2014 23:20:01 (Std) 	[ImageManager] Created image: 'TaharezLook/MiniHorzScrollThumbLeftNormal' (048C1CE8) of type: BasicImage
19/07/2014 23:20:01 (Std) 	[ImageManager] Created image: 'TaharezLook/MiniHorzScrollThumbMiddleNormal' (048C21B0) of type: BasicImage
19/07/2014 23:20:01 (Std) 	[ImageManager] Created image: 'TaharezLook/MiniHorzScrollThumbRightNormal' (048C16D0) of type: BasicImage
19/07/2014 23:20:01 (Std) 	[ImageManager] Created image: 'TaharezLook/MiniHorzScrollThumbHover' (048C2868) of type: BasicImage
19/07/2014 23:20:01 (Std) 	[ImageManager] Created image: 'TaharezLook/MiniHorzScrollThumbLeftHover' (048C2B08) of type: BasicImage
19/07/2014 23:20:01 (Std) 	[ImageManager] Created image: 'TaharezLook/MiniHorzScrollThumbMiddleHover' (048C2FB8) of type: BasicImage
19/07/2014 23:20:01 (Std) 	[ImageManager] Created image: 'TaharezLook/MiniHorzScrollThumbRightHover' (048C2988) of type: BasicImage
19/07/2014 23:20:01 (Std) 	[ImageManager] Created image: 'TaharezLook/MiniHorzScrollLeftNormal' (048C3828) of type: BasicImage
19/07/2014 23:20:01 (Std) 	[ImageManager] Created image: 'TaharezLook/MiniHorzScrollRightNormal' (048C3A38) of type: BasicImage
19/07/2014 23:20:01 (Std) 	[ImageManager] Created image: 'TaharezLook/MiniHorzScrollLeftHover' (048C3ED0) of type: BasicImage
19/07/2014 23:20:01 (Std) 	[ImageManager] Created image: 'TaharezLook/MiniHorzScrollRightHover' (048C40E0) of type: BasicImage
19/07/2014 23:20:01 (Std) 	[ImageManager] Created image: 'TaharezLook/ListboxLeft' (048C4490) of type: BasicImage
19/07/2014 23:20:01 (Std) 	[ImageManager] Created image: 'TaharezLook/ListboxRight' (048C46A0) of type: BasicImage
19/07/2014 23:20:01 (Std) 	[ImageManager] Created image: 'TaharezLook/ListboxTop' (048C48B0) of type: BasicImage
19/07/2014 23:20:01 (Std) 	[ImageManager] Created image: 'TaharezLook/ListboxBottom' (048C4AC0) of type: BasicImage
19/07/2014 23:20:01 (Std) 	[ImageManager] Created image: 'TaharezLook/ListboxTopLeft' (048C4CD0) of type: BasicImage
19/07/2014 23:20:01 (Std) 	[ImageManager] Created image: 'TaharezLook/ListboxTopRight' (048C4EE0) of type: BasicImage
19/07/2014 23:20:01 (Std) 	[ImageManager] Created image: 'TaharezLook/ListboxBottomLeft' (048C50F0) of type: BasicImage
19/07/2014 23:20:01 (Std) 	[ImageManager] Created image: 'TaharezLook/ListboxBottomRight' (048C5300) of type: BasicImage
19/07/2014 23:20:01 (Std) 	[ImageManager] Created image: 'TaharezLook/ListboxBackdrop' (048C5510) of type: BasicImage
19/07/2014 23:20:01 (Std) 	[ImageManager] Created image: 'TaharezLook/ListboxSelectionBrush' (048C5720) of type: BasicImage
19/07/2014 23:20:01 (Std) 	[ImageManager] Created image: 'TaharezLook/ComboboxEditLeft' (048C5AC0) of type: BasicImage
19/07/2014 23:20:01 (Std) 	[ImageManager] Created image: 'TaharezLook/ComboboxEditMiddle' (048C5CD0) of type: BasicImage
19/07/2014 23:20:01 (Std) 	[ImageManager] Created image: 'TaharezLook/ComboboxListButtonNormal' (048C5EE0) of type: BasicImage
19/07/2014 23:20:01 (Std) 	[ImageManager] Created image: 'TaharezLook/ComboboxListButtonHover' (048C6360) of type: BasicImage
19/07/2014 23:20:01 (Std) 	[ImageManager] Created image: 'TaharezLook/ComboboxListLeft' (048C6710) of type: BasicImage
19/07/2014 23:20:01 (Std) 	[ImageManager] Created image: 'TaharezLook/ComboboxListRight' (048C6920) of type: BasicImage
19/07/2014 23:20:01 (Std) 	[ImageManager] Created image: 'TaharezLook/ComboboxListTop' (048C6B30) of type: BasicImage
19/07/2014 23:20:01 (Std) 	[ImageManager] Created image: 'TaharezLook/ComboboxListBottom' (048C6D40) of type: BasicImage
19/07/2014 23:20:01 (Std) 	[ImageManager] Created image: 'TaharezLook/ComboboxListTopLeft' (048C6F50) of type: BasicImage
19/07/2014 23:20:01 (Std) 	[ImageManager] Created image: 'TaharezLook/ComboboxListTopRight' (048C7160) of type: BasicImage
19/07/2014 23:20:01 (Std) 	[ImageManager] Created image: 'TaharezLook/ComboboxListBottomLeft' (048C7370) of type: BasicImage
19/07/2014 23:20:01 (Std) 	[ImageManager] Created image: 'TaharezLook/ComboboxListBottomRight' (048C77D8) of type: BasicImage
19/07/2014 23:20:01 (Std) 	[ImageManager] Created image: 'TaharezLook/ComboboxListBackdrop' (048C7C58) of type: BasicImage
19/07/2014 23:20:01 (Std) 	[ImageManager] Created image: 'TaharezLook/ComboboxSelectionBrush' (048C7E68) of type: BasicImage
19/07/2014 23:20:01 (Std) 	[ImageManager] Created image: 'TaharezLook/ComboboxDividerLeft' (048C82D0) of type: BasicImage
19/07/2014 23:20:01 (Std) 	[ImageManager] Created image: 'TaharezLook/ComboboxDividerMiddle' (048C84E0) of type: BasicImage
19/07/2014 23:20:01 (Std) 	[ImageManager] Created image: 'TaharezLook/ComboboxDividerRight' (048C8880) of type: BasicImage
19/07/2014 23:20:01 (Std) 	[ImageManager] Created image: 'TaharezLook/HeaderBarBackdropNormal' (048C8D90) of type: BasicImage
19/07/2014 23:20:01 (Std) 	[ImageManager] Created image: 'TaharezLook/HeaderBarBackdropHover' (048C8A90) of type: BasicImage
19/07/2014 23:20:01 (Std) 	[ImageManager] Created image: 'TaharezLook/HeaderBarSplitterNormal' (048C93C8) of type: BasicImage
19/07/2014 23:20:01 (Std) 	[ImageManager] Created image: 'TaharezLook/HeaderBarSplitterHover' (048C9848) of type: BasicImage
19/07/2014 23:20:01 (Std) 	[ImageManager] Created image: 'TaharezLook/HeaderBarSortUp' (048C9B20) of type: BasicImage
19/07/2014 23:20:01 (Std) 	[ImageManager] Created image: 'TaharezLook/HeaderBarSortDown' (048C9C40) of type: BasicImage
19/07/2014 23:20:01 (Std) 	[ImageManager] Created image: 'TaharezLook/MultiListLeft' (048C9E50) of type: BasicImage
19/07/2014 23:20:01 (Std) 	[ImageManager] Created image: 'TaharezLook/MultiListRight' (048CA060) of type: BasicImage
19/07/2014 23:20:01 (Std) 	[ImageManager] Created image: 'TaharezLook/MultiListTop' (048CA270) of type: BasicImage
19/07/2014 23:20:01 (Std) 	[ImageManager] Created image: 'TaharezLook/MultiListBottom' (048CA480) of type: BasicImage
19/07/2014 23:20:01 (Std) 	[ImageManager] Created image: 'TaharezLook/MultiListTopLeft' (048CA690) of type: BasicImage
19/07/2014 23:20:01 (Std) 	[ImageManager] Created image: 'TaharezLook/MultiListTopRight' (048CA8A0) of type: BasicImage
19/07/2014 23:20:01 (Std) 	[ImageManager] Created image: 'TaharezLook/MultiListBottomLeft' (048CAAB0) of type: BasicImage
19/07/2014 23:20:01 (Std) 	[ImageManager] Created image: 'TaharezLook/MultiListBottomRight' (048CACC0) of type: BasicImage
19/07/2014 23:20:01 (Std) 	[ImageManager] Created image: 'TaharezLook/MultiListBackdrop' (048CAF90) of type: BasicImage
19/07/2014 23:20:01 (Std) 	[ImageManager] Created image: 'TaharezLook/MultiListSelectionBrush' (048CB320) of type: BasicImage
19/07/2014 23:20:01 (Std) 	[ImageManager] Created image: 'TaharezLook/AltProgressLeft' (048CB1A0) of type: BasicImage
19/07/2014 23:20:01 (Std) 	[ImageManager] Created image: 'TaharezLook/AltProgressMiddle' (048CB890) of type: BasicImage
19/07/2014 23:20:01 (Std) 	[ImageManager] Created image: 'TaharezLook/AltProgressRight' (048CBAA0) of type: BasicImage
19/07/2014 23:20:01 (Std) 	[ImageManager] Created image: 'TaharezLook/AltProgressQuarter' (048CBCB0) of type: BasicImage
19/07/2014 23:20:01 (Std) 	[ImageManager] Created image: 'TaharezLook/AltProgressHalf' (048CBEC0) of type: BasicImage
19/07/2014 23:20:01 (Std) 	[ImageManager] Created image: 'TaharezLook/AltProgressLight1' (048CC0D0) of type: BasicImage
19/07/2014 23:20:01 (Std) 	[ImageManager] Created image: 'TaharezLook/AltProgressLight2' (048CC2E0) of type: BasicImage
19/07/2014 23:20:01 (Std) 	[ImageManager] Created image: 'TaharezLook/AltProgressLight3' (048CC4F0) of type: BasicImage
19/07/2014 23:20:01 (Std) 	[ImageManager] Created image: 'TaharezLook/AltProgressLight4' (048CC700) of type: BasicImage
19/07/2014 23:20:01 (Std) 	[ImageManager] Created image: 'TaharezLook/AltProgressLight5' (048CC910) of type: BasicImage
19/07/2014 23:20:01 (Std) 	[ImageManager] Created image: 'TaharezLook/AltProgressLight6' (048CCB20) of type: BasicImage
19/07/2014 23:20:01 (Std) 	[ImageManager] Created image: 'TaharezLook/AltProgressLight7' (048CCD30) of type: BasicImage
19/07/2014 23:20:01 (Std) 	[ImageManager] Created image: 'TaharezLook/AltProgressLight8' (048CCF40) of type: BasicImage
19/07/2014 23:20:01 (Std) 	[ImageManager] Created image: 'TaharezLook/AltProgressLight9' (048CD150) of type: BasicImage
19/07/2014 23:20:01 (Std) 	[ImageManager] Created image: 'TaharezLook/AltProgressLight10' (048CD360) of type: BasicImage
19/07/2014 23:20:01 (Std) 	[ImageManager] Created image: 'TaharezLook/CloseButtonNormal' (048CD570) of type: BasicImage
19/07/2014 23:20:01 (Std) 	[ImageManager] Created image: 'TaharezLook/CloseButtonHover' (048CD780) of type: BasicImage
19/07/2014 23:20:01 (Std) 	[ImageManager] Created image: 'TaharezLook/CloseButtonPressed' (048CD990) of type: BasicImage
19/07/2014 23:20:01 (Std) 	[ImageManager] Created image: 'TaharezLook/NewCloseButtonNormal' (048CDBA0) of type: BasicImage
19/07/2014 23:20:01 (Std) 	[ImageManager] Created image: 'TaharezLook/NewCloseButtonHover' (048CDE70) of type: BasicImage
19/07/2014 23:20:01 (Std) 	[ImageManager] Created image: 'TaharezLook/NewCloseButtonPressed' (048CE200) of type: BasicImage
19/07/2014 23:20:01 (Std) 	[ImageManager] Created image: 'TaharezLook/MultiLineEditboxLeft' (048CE080) of type: BasicImage
19/07/2014 23:20:01 (Std) 	[ImageManager] Created image: 'TaharezLook/MultiLineEditboxRight' (048CE998) of type: BasicImage
19/07/2014 23:20:01 (Std) 	[ImageManager] Created image: 'TaharezLook/MultiLineEditboxTop' (048CE818) of type: BasicImage
19/07/2014 23:20:01 (Std) 	[ImageManager] Created image: 'TaharezLook/MultiLineEditboxBottom' (048CEEF0) of type: BasicImage
19/07/2014 23:20:01 (Std) 	[ImageManager] Created image: 'TaharezLook/MultiLineEditboxTopLeft' (048CF4D8) of type: BasicImage
19/07/2014 23:20:01 (Std) 	[ImageManager] Created image: 'TaharezLook/MultiLineEditboxTopRight' (048CF358) of type: BasicImage
19/07/2014 23:20:01 (Std) 	[ImageManager] Created image: 'TaharezLook/MultiLineEditboxBottomLeft' (048CFFB8) of type: BasicImage
19/07/2014 23:20:01 (Std) 	[ImageManager] Created image: 'TaharezLook/MultiLineEditboxBottomRight' (048D0450) of type: BasicImage
19/07/2014 23:20:01 (Std) 	[ImageManager] Created image: 'TaharezLook/MultiLineEditboxBackdrop' (048CFCB8) of type: BasicImage
19/07/2014 23:20:01 (Std) 	[ImageManager] Created image: 'TaharezLook/MultiLineEditboxSelectionBrush' (048D0A80) of type: BasicImage
19/07/2014 23:20:01 (Std) 	[ImageManager] Created image: 'TaharezLook/MouseTarget' (048D13C8) of type: BasicImage
19/07/2014 23:20:01 (Std) 	[ImageManager] Created image: 'TaharezLook/MouseArrow' (048C10D0) of type: BasicImage
19/07/2014 23:20:01 (Std) 	[ImageManager] Created image: 'TaharezLook/MouseMoveCursor' (048D17E8) of type: BasicImage
19/07/2014 23:20:01 (Std) 	[ImageManager] Created image: 'TaharezLook/MouseNoSoCursor' (048D19F8) of type: BasicImage
19/07/2014 23:20:01 (Std) 	[ImageManager] Created image: 'TaharezLook/MouseEsWeCursor' (048D1C08) of type: BasicImage
19/07/2014 23:20:01 (Std) 	[ImageManager] Created image: 'TaharezLook/MouseNeSwCursor' (048D1E18) of type: BasicImage
19/07/2014 23:20:01 (Std) 	[ImageManager] Created image: 'TaharezLook/MouseNwSeCursor' (048D2028) of type: BasicImage
19/07/2014 23:20:01 (Std) 	[ImageManager] Created image: 'TaharezLook/MouseTextBar' (048D2238) of type: BasicImage
19/07/2014 23:20:01 (Std) 	[ImageManager] Created image: 'TaharezLook/TabHorizontalFiller' (048D14E8) of type: BasicImage
19/07/2014 23:20:01 (Std) 	[ImageManager] Created image: 'TaharezLook/TabContentPaneUpperLeft' (048D1038) of type: BasicImage
19/07/2014 23:20:01 (Std) 	[ImageManager] Created image: 'TaharezLook/TabContentPaneUpper' (048D1228) of type: BasicImage
19/07/2014 23:20:01 (Std) 	[ImageManager] Created image: 'TaharezLook/TabContentPaneUpperRight' (048D2538) of type: BasicImage
19/07/2014 23:20:01 (Std) 	[ImageManager] Created image: 'TaharezLook/TabContentPaneLeft' (048D28E8) of type: BasicImage
19/07/2014 23:20:01 (Std) 	[ImageManager] Created image: 'TaharezLook/TabContentPaneRight' (048D2AF8) of type: BasicImage
19/07/2014 23:20:01 (Std) 	[ImageManager] Created image: 'TaharezLook/TabContentPaneLower' (048D2D08) of type: BasicImage
19/07/2014 23:20:01 (Std) 	[ImageManager] Created image: 'TaharezLook/TabContentPaneLowerLeft' (048D2F18) of type: BasicImage
19/07/2014 23:20:01 (Std) 	[ImageManager] Created image: 'TaharezLook/TabContentPaneLowerRight' (048D32C8) of type: BasicImage
19/07/2014 23:20:01 (Std) 	[ImageManager] Created image: 'TaharezLook/TabContentPaneMiddle' (048D3678) of type: BasicImage
19/07/2014 23:20:01 (Std) 	[ImageManager] Created image: 'TaharezLook/TabButtonScrollLeftNormal' (048D3B88) of type: BasicImage
19/07/2014 23:20:01 (Std) 	[ImageManager] Created image: 'TaharezLook/TabButtonScrollRightNormal' (048D3A08) of type: BasicImage
19/07/2014 23:20:01 (Std) 	[ImageManager] Created image: 'TaharezLook/TabButtonScrollLeftHover' (048D3888) of type: BasicImage
19/07/2014 23:20:01 (Std) 	[ImageManager] Created image: 'TaharezLook/TabButtonScrollRightHover' (048D46D8) of type: BasicImage
19/07/2014 23:20:01 (Std) 	[ImageManager] Created image: 'TaharezLook/TabButtonLeftNormal' (048D4558) of type: BasicImage
19/07/2014 23:20:01 (Std) 	[ImageManager] Created image: 'TaharezLook/TabButtonRightNormal' (048D4C60) of type: BasicImage
19/07/2014 23:20:01 (Std) 	[ImageManager] Created image: 'TaharezLook/TabButtonUpperNormal' (048D4E70) of type: BasicImage
19/07/2014 23:20:01 (Std) 	[ImageManager] Created image: 'TaharezLook/TabButtonLowerNormal' (048D5080) of type: BasicImage
19/07/2014 23:20:01 (Std) 	[ImageManager] Created image: 'TaharezLook/TabButtonUpperLeftNormal' (048D5710) of type: BasicImage
19/07/2014 23:20:01 (Std) 	[ImageManager] Created image: 'TaharezLook/TabButtonUpperLeft2Normal' (048D5B90) of type: BasicImage
19/07/2014 23:20:01 (Std) 	[ImageManager] Created image: 'TaharezLook/TabButtonUpperRightNormal' (048D5590) of type: BasicImage
19/07/2014 23:20:01 (Std) 	[ImageManager] Created image: 'TaharezLook/TabButtonLowerLeftNormal' (048D5410) of type: BasicImage
19/07/2014 23:20:01 (Std) 	[ImageManager] Created image: 'TaharezLook/TabButtonLowerRightNormal' (048D67B0) of type: BasicImage
19/07/2014 23:20:01 (Std) 	[ImageManager] Created image: 'TaharezLook/TabButtonLowerRight2Normal' (048D6630) of type: BasicImage
19/07/2014 23:20:01 (Std) 	[ImageManager] Created image: 'TaharezLook/TabButtonMiddleNormal' (048D6FC0) of type: BasicImage
19/07/2014 23:20:01 (Std) 	[ImageManager] Created image: 'TaharezLook/TabButtonLeftSelected' (048D71D0) of type: BasicImage
19/07/2014 23:20:01 (Std) 	[ImageManager] Created image: 'TaharezLook/TabButtonRightSelected' (048D7570) of type: BasicImage
19/07/2014 23:20:01 (Std) 	[ImageManager] Created image: 'TaharezLook/TabButtonUpperSelected' (048D7910) of type: BasicImage
19/07/2014 23:20:01 (Std) 	[ImageManager] Created image: 'TaharezLook/TabButtonLowerSelected' (048D7CB0) of type: BasicImage
19/07/2014 23:20:01 (Std) 	[ImageManager] Created image: 'TaharezLook/TabButtonUpperLeftSelected' (048D8350) of type: BasicImage
19/07/2014 23:20:01 (Std) 	[ImageManager] Created image: 'TaharezLook/TabButtonUpperRightSelected' (048D87E8) of type: BasicImage
19/07/2014 23:20:01 (Std) 	[ImageManager] Created image: 'TaharezLook/TabButtonLowerLeftSelected' (048D8050) of type: BasicImage
19/07/2014 23:20:01 (Std) 	[ImageManager] Created image: 'TaharezLook/TabButtonLowerRightSelected' (048D8E60) of type: BasicImage
19/07/2014 23:20:01 (Std) 	[ImageManager] Created image: 'TaharezLook/TabButtonMiddleSelected' (048D9310) of type: BasicImage
19/07/2014 23:20:01 (Std) 	[ImageManager] Created image: 'TaharezLook/TooltipTopLeft' (048D95F0) of type: BasicImage
19/07/2014 23:20:01 (Std) 	[ImageManager] Created image: 'TaharezLook/TooltipTopRight' (048D9710) of type: BasicImage
19/07/2014 23:20:01 (Std) 	[ImageManager] Created image: 'TaharezLook/TooltipBottomLeft' (048D9920) of type: BasicImage
19/07/2014 23:20:01 (Std) 	[ImageManager] Created image: 'TaharezLook/TooltipBottomRight' (048D9B30) of type: BasicImage
19/07/2014 23:20:01 (Std) 	[ImageManager] Created image: 'TaharezLook/TooltipLeftEdge' (048D9D40) of type: BasicImage
19/07/2014 23:20:01 (Std) 	[ImageManager] Created image: 'TaharezLook/TooltipRightEdge' (048D9F50) of type: BasicImage
19/07/2014 23:20:01 (Std) 	[ImageManager] Created image: 'TaharezLook/TooltipTopEdge' (048DA160) of type: BasicImage
19/07/2014 23:20:01 (Std) 	[ImageManager] Created image: 'TaharezLook/TooltipBottomEdge' (048DA370) of type: BasicImage
19/07/2014 23:20:01 (Std) 	[ImageManager] Created image: 'TaharezLook/TooltipMiddle' (048DA580) of type: BasicImage
19/07/2014 23:20:01 (Std) 	[ImageManager] Created image: 'TaharezLook/MenuTopLeft' (048DA790) of type: BasicImage
19/07/2014 23:20:01 (Std) 	[ImageManager] Created image: 'TaharezLook/MenuTopRight' (048DA9A0) of type: BasicImage
19/07/2014 23:20:01 (Std) 	[ImageManager] Created image: 'TaharezLook/MenuBottomLeft' (048DABB0) of type: BasicImage
19/07/2014 23:20:01 (Std) 	[ImageManager] Created image: 'TaharezLook/MenuBottomRight' (048DADC0) of type: BasicImage
19/07/2014 23:20:01 (Std) 	[ImageManager] Created image: 'TaharezLook/MenuLeft' (048DAFD0) of type: BasicImage
19/07/2014 23:20:01 (Std) 	[ImageManager] Created image: 'TaharezLook/MenuRight' (048DB1E0) of type: BasicImage
19/07/2014 23:20:01 (Std) 	[ImageManager] Created image: 'TaharezLook/MenuTop' (048DB3F0) of type: BasicImage
19/07/2014 23:20:01 (Std) 	[ImageManager] Created image: 'TaharezLook/MenuBottom' (048DB600) of type: BasicImage
19/07/2014 23:20:01 (Std) 	[ImageManager] Created image: 'TaharezLook/MenuMiddle' (048DB810) of type: BasicImage
19/07/2014 23:20:01 (Std) 	[ImageManager] Created image: 'TaharezLook/PopupMenuFrameTopLeft' (048DBA20) of type: BasicImage
19/07/2014 23:20:01 (Std) 	[ImageManager] Created image: 'TaharezLook/PopupMenuFrameTopRight' (048DBC30) of type: BasicImage
19/07/2014 23:20:01 (Std) 	[ImageManager] Created image: 'TaharezLook/PopupMenuFrameBottomLeft' (048DC2D0) of type: BasicImage
19/07/2014 23:20:01 (Std) 	[ImageManager] Created image: 'TaharezLook/PopupMenuFrameBottomRight' (048DC750) of type: BasicImage
19/07/2014 23:20:01 (Std) 	[ImageManager] Created image: 'TaharezLook/PopupMenuFrameLeft' (048DBFD0) of type: BasicImage
19/07/2014 23:20:01 (Std) 	[ImageManager] Created image: 'TaharezLook/PopupMenuFrameRight' (048DCBE8) of type: BasicImage
19/07/2014 23:20:01 (Std) 	[ImageManager] Created image: 'TaharezLook/PopupMenuFrameTop' (048DCD08) of type: BasicImage
19/07/2014 23:20:01 (Std) 	[ImageManager] Created image: 'TaharezLook/PopupMenuFrameBottom' (048DCF18) of type: BasicImage
19/07/2014 23:20:01 (Std) 	[ImageManager] Created image: 'TaharezLook/PopupMenuMiddle' (048DD128) of type: BasicImage
19/07/2014 23:20:01 (Std) 	[ImageManager] Created image: 'TaharezLook/PopupMenuArrowRight' (048DD338) of type: BasicImage
19/07/2014 23:20:01 (Std) 	[ImageManager] Created image: 'TaharezLook/PopupMenuArrowLeft' (048DD548) of type: BasicImage
19/07/2014 23:20:01 (Std) 	[ImageManager] Created image: 'TaharezLook/TreeListClosed' (048DD758) of type: BasicImage
19/07/2014 23:20:01 (Std) 	[ImageManager] Created image: 'TaharezLook/TreeListOpened' (048DD968) of type: BasicImage
19/07/2014 23:20:01 (Std) 	===== Falagard 'root' element: look and feel parsing begins =====
19/07/2014 23:20:01 (Std) 	===== Look and feel parsing completed =====
19/07/2014 23:20:01 (Std) 	No window renderer factories specified for module 'CEGUICoreWindowRendererSet' - adding all available factories...
19/07/2014 23:20:01 (Std) 	Created WindowRendererFactory for 'Core/Button' WindowRenderers.
19/07/2014 23:20:01 (Std) 	WindowRendererFactory 'Core/Button' added. (04977688)
19/07/2014 23:20:01 (Std) 	Created WindowRendererFactory for 'Core/Default' WindowRenderers.
19/07/2014 23:20:01 (Std) 	WindowRendererFactory 'Core/Default' added. (04B92C60)
19/07/2014 23:20:01 (Std) 	Created WindowRendererFactory for 'Core/Editbox' WindowRenderers.
19/07/2014 23:20:01 (Std) 	WindowRendererFactory 'Core/Editbox' added. (04B308C0)
19/07/2014 23:20:01 (Std) 	Created WindowRendererFactory for 'Core/FrameWindow' WindowRenderers.
19/07/2014 23:20:01 (Std) 	WindowRendererFactory 'Core/FrameWindow' added. (04BC3B58)
19/07/2014 23:20:01 (Std) 	Created WindowRendererFactory for 'Core/ItemEntry' WindowRenderers.
19/07/2014 23:20:01 (Std) 	WindowRendererFactory 'Core/ItemEntry' added. (048A4EF8)
19/07/2014 23:20:01 (Std) 	Created WindowRendererFactory for 'Core/ListHeader' WindowRenderers.
19/07/2014 23:20:01 (Std) 	WindowRendererFactory 'Core/ListHeader' added. (04AFA7F8)
19/07/2014 23:20:01 (Std) 	Created WindowRendererFactory for 'Core/ListHeaderSegment' WindowRenderers.
19/07/2014 23:20:01 (Std) 	WindowRendererFactory 'Core/ListHeaderSegment' added. (04B5F208)
19/07/2014 23:20:01 (Std) 	Created WindowRendererFactory for 'Core/Listbox' WindowRenderers.
19/07/2014 23:20:01 (Std) 	WindowRendererFactory 'Core/Listbox' added. (04BA03E0)
19/07/2014 23:20:01 (Std) 	Created WindowRendererFactory for 'Core/Menubar' WindowRenderers.
19/07/2014 23:20:01 (Std) 	WindowRendererFactory 'Core/Menubar' added. (04BBDDB0)
19/07/2014 23:20:01 (Std) 	Created WindowRendererFactory for 'Core/MenuItem' WindowRenderers.
19/07/2014 23:20:01 (Std) 	WindowRendererFactory 'Core/MenuItem' added. (04B9EBE0)
19/07/2014 23:20:01 (Std) 	Created WindowRendererFactory for 'Core/MultiColumnList' WindowRenderers.
19/07/2014 23:20:01 (Std) 	WindowRendererFactory 'Core/MultiColumnList' added. (04BD7D50)
19/07/2014 23:20:01 (Std) 	Created WindowRendererFactory for 'Core/MultiLineEditbox' WindowRenderers.
19/07/2014 23:20:01 (Std) 	WindowRendererFactory 'Core/MultiLineEditbox' added. (04BD7F10)
19/07/2014 23:20:01 (Std) 	Created WindowRendererFactory for 'Core/PopupMenu' WindowRenderers.
19/07/2014 23:20:01 (Std) 	WindowRendererFactory 'Core/PopupMenu' added. (04B72B30)
19/07/2014 23:20:01 (Std) 	Created WindowRendererFactory for 'Core/ProgressBar' WindowRenderers.
19/07/2014 23:20:01 (Std) 	WindowRendererFactory 'Core/ProgressBar' added. (04BB4690)
19/07/2014 23:20:01 (Std) 	Created WindowRendererFactory for 'Core/ScrollablePane' WindowRenderers.
19/07/2014 23:20:01 (Std) 	WindowRendererFactory 'Core/ScrollablePane' added. (04BB4850)
19/07/2014 23:20:01 (Std) 	Created WindowRendererFactory for 'Core/Scrollbar' WindowRenderers.
19/07/2014 23:20:01 (Std) 	WindowRendererFactory 'Core/Scrollbar' added. (04AB2608)
19/07/2014 23:20:01 (Std) 	Created WindowRendererFactory for 'Core/Slider' WindowRenderers.
19/07/2014 23:20:01 (Std) 	WindowRendererFactory 'Core/Slider' added. (04896938)
19/07/2014 23:20:01 (Std) 	Created WindowRendererFactory for 'Core/Static' WindowRenderers.
19/07/2014 23:20:01 (Std) 	WindowRendererFactory 'Core/Static' added. (04896AF8)
19/07/2014 23:20:01 (Std) 	Created WindowRendererFactory for 'Core/StaticImage' WindowRenderers.
19/07/2014 23:20:01 (Std) 	WindowRendererFactory 'Core/StaticImage' added. (04BC0B60)
19/07/2014 23:20:01 (Std) 	Created WindowRendererFactory for 'Core/StaticText' WindowRenderers.
19/07/2014 23:20:01 (Std) 	WindowRendererFactory 'Core/StaticText' added. (04BC0D20)
19/07/2014 23:20:01 (Std) 	Created WindowRendererFactory for 'Core/TabButton' WindowRenderers.
19/07/2014 23:20:01 (Std) 	WindowRendererFactory 'Core/TabButton' added. (04BC0EE0)
19/07/2014 23:20:01 (Std) 	Created WindowRendererFactory for 'Core/TabControl' WindowRenderers.
19/07/2014 23:20:01 (Std) 	WindowRendererFactory 'Core/TabControl' added. (04BBFE80)
19/07/2014 23:20:01 (Std) 	Created WindowRendererFactory for 'Core/Titlebar' WindowRenderers.
19/07/2014 23:20:01 (Std) 	WindowRendererFactory 'Core/Titlebar' added. (04BC0040)
19/07/2014 23:20:01 (Std) 	Created WindowRendererFactory for 'Core/ToggleButton' WindowRenderers.
19/07/2014 23:20:01 (Std) 	WindowRendererFactory 'Core/ToggleButton' added. (04BC0200)
19/07/2014 23:20:01 (Std) 	Created WindowRendererFactory for 'Core/Tooltip' WindowRenderers.
19/07/2014 23:20:01 (Std) 	WindowRendererFactory 'Core/Tooltip' added. (04BB8348)
19/07/2014 23:20:01 (Std) 	Created WindowRendererFactory for 'Core/ItemListbox' WindowRenderers.
19/07/2014 23:20:01 (Std) 	WindowRendererFactory 'Core/ItemListbox' added. (04BB8508)
19/07/2014 23:20:01 (Std) 	Created WindowRendererFactory for 'Core/Tree' WindowRenderers.
19/07/2014 23:20:01 (Std) 	WindowRendererFactory 'Core/Tree' added. (04BB86C8)
19/07/2014 23:20:01 (Std) 	Creating falagard mapping for type 'TaharezLook/Label' using base type 'DefaultWindow', window renderer 'Core/Default' Look'N'Feel 'TaharezLook/Label' and RenderEffect ''. (0025BF94)
19/07/2014 23:20:01 (Std) 	Creating falagard mapping for type 'TaharezLook/Button' using base type 'CEGUI/PushButton', window renderer 'Core/Button' Look'N'Feel 'TaharezLook/Button' and RenderEffect ''. (0025BF94)
19/07/2014 23:20:01 (Std) 	Creating falagard mapping for type 'TaharezLook/Checkbox' using base type 'CEGUI/ToggleButton', window renderer 'Core/ToggleButton' Look'N'Feel 'TaharezLook/Checkbox' and RenderEffect ''. (0025BF94)
19/07/2014 23:20:01 (Std) 	Creating falagard mapping for type 'TaharezLook/ImageButton' using base type 'CEGUI/PushButton', window renderer 'Core/Button' Look'N'Feel 'TaharezLook/ImageButton' and RenderEffect ''. (0025BF94)
19/07/2014 23:20:01 (Std) 	Creating falagard mapping for type 'TaharezLook/RadioButton' using base type 'CEGUI/RadioButton', window renderer 'Core/ToggleButton' Look'N'Feel 'TaharezLook/RadioButton' and RenderEffect ''. (0025BF94)
19/07/2014 23:20:01 (Std) 	Creating falagard mapping for type 'TaharezLook/FrameWindow' using base type 'CEGUI/FrameWindow', window renderer 'Core/FrameWindow' Look'N'Feel 'TaharezLook/FrameWindow' and RenderEffect ''. (0025BF94)
19/07/2014 23:20:01 (Std) 	Creating falagard mapping for type 'TaharezLook/Titlebar' using base type 'CEGUI/Titlebar', window renderer 'Core/Titlebar' Look'N'Feel 'TaharezLook/Titlebar' and RenderEffect ''. (0025BF94)
19/07/2014 23:20:01 (Std) 	Creating falagard mapping for type 'TaharezLook/Editbox' using base type 'CEGUI/Editbox', window renderer 'Core/Editbox' Look'N'Feel 'TaharezLook/Editbox' and RenderEffect ''. (0025BF94)
19/07/2014 23:20:01 (Std) 	Creating falagard mapping for type 'TaharezLook/MultiLineEditbox' using base type 'CEGUI/MultiLineEditbox', window renderer 'Core/MultiLineEditbox' Look'N'Feel 'TaharezLook/MultiLineEditbox' and RenderEffect ''. (0025BF94)
19/07/2014 23:20:01 (Std) 	Creating falagard mapping for type 'TaharezLook/Menubar' using base type 'CEGUI/Menubar', window renderer 'Core/Menubar' Look'N'Feel 'TaharezLook/Menubar' and RenderEffect ''. (0025BF94)
19/07/2014 23:20:01 (Std) 	Creating falagard mapping for type 'TaharezLook/PopupMenu' using base type 'CEGUI/PopupMenu', window renderer 'Core/PopupMenu' Look'N'Feel 'TaharezLook/PopupMenu' and RenderEffect ''. (0025BF94)
19/07/2014 23:20:01 (Std) 	Creating falagard mapping for type 'TaharezLook/MenuItem' using base type 'CEGUI/MenuItem', window renderer 'Core/MenuItem' Look'N'Feel 'TaharezLook/MenuItem' and RenderEffect ''. (0025BF94)
19/07/2014 23:20:01 (Std) 	Creating falagard mapping for type 'TaharezLook/AlternateProgressBar' using base type 'CEGUI/ProgressBar', window renderer 'Core/ProgressBar' Look'N'Feel 'TaharezLook/AltProgressBar' and RenderEffect ''. (0025BF94)
19/07/2014 23:20:01 (Std) 	Creating falagard mapping for type 'TaharezLook/ProgressBar' using base type 'CEGUI/ProgressBar', window renderer 'Core/ProgressBar' Look'N'Feel 'TaharezLook/ProgressBar' and RenderEffect ''. (0025BF94)
19/07/2014 23:20:01 (Std) 	Creating falagard mapping for type 'TaharezLook/VUMeter' using base type 'CEGUI/ProgressBar', window renderer 'Core/ProgressBar' Look'N'Feel 'TaharezLook/VUMeter' and RenderEffect ''. (0025BF94)
19/07/2014 23:20:01 (Std) 	Creating falagard mapping for type 'TaharezLook/VerticalScrollbar' using base type 'CEGUI/Scrollbar', window renderer 'Core/Scrollbar' Look'N'Feel 'TaharezLook/VerticalScrollbar' and RenderEffect ''. (0025BF94)
19/07/2014 23:20:01 (Std) 	Creating falagard mapping for type 'TaharezLook/HorizontalScrollbar' using base type 'CEGUI/Scrollbar', window renderer 'Core/Scrollbar' Look'N'Feel 'TaharezLook/HorizontalScrollbar' and RenderEffect ''. (0025BF94)
19/07/2014 23:20:01 (Std) 	Creating falagard mapping for type 'TaharezLook/VerticalScrollbarThumb' using base type 'CEGUI/Thumb', window renderer 'Core/Button' Look'N'Feel 'TaharezLook/VerticalScrollbarThumb' and RenderEffect ''. (0025BF94)
19/07/2014 23:20:01 (Std) 	Creating falagard mapping for type 'TaharezLook/HorizontalScrollbarThumb' using base type 'CEGUI/Thumb', window renderer 'Core/Button' Look'N'Feel 'TaharezLook/HorizontalScrollbarThumb' and RenderEffect ''. (0025BF94)
19/07/2014 23:20:01 (Std) 	Creating falagard mapping for type 'TaharezLook/LargeVerticalScrollbar' using base type 'CEGUI/Scrollbar', window renderer 'Core/Scrollbar' Look'N'Feel 'TaharezLook/LargeVerticalScrollbar' and RenderEffect ''. (0025BF94)
19/07/2014 23:20:01 (Std) 	Creating falagard mapping for type 'TaharezLook/LargeVerticalScrollbarThumb' using base type 'CEGUI/Thumb', window renderer 'Core/Button' Look'N'Feel 'TaharezLook/LargeVerticalScrollbarThumb' and RenderEffect ''. (0025BF94)
19/07/2014 23:20:01 (Std) 	Creating falagard mapping for type 'TaharezLook/TabButton' using base type 'CEGUI/TabButton', window renderer 'Core/TabButton' Look'N'Feel 'TaharezLook/TabButton' and RenderEffect ''. (0025BF94)
19/07/2014 23:20:01 (Std) 	Creating falagard mapping for type 'TaharezLook/TabControl' using base type 'CEGUI/TabControl', window renderer 'Core/TabControl' Look'N'Feel 'TaharezLook/TabControl' and RenderEffect ''. (0025BF94)
19/07/2014 23:20:01 (Std) 	Creating falagard mapping for type 'TaharezLook/TabContentPane' using base type 'DefaultWindow', window renderer 'Core/Default' Look'N'Feel 'TaharezLook/TabContentPane' and RenderEffect ''. (0025BF94)
19/07/2014 23:20:01 (Std) 	Creating falagard mapping for type 'TaharezLook/TabButtonPane' using base type 'DefaultWindow', window renderer 'Core/Default' Look'N'Feel 'TaharezLook/TabButtonPane' and RenderEffect ''. (0025BF94)
19/07/2014 23:20:01 (Std) 	Creating falagard mapping for type 'TaharezLook/ComboDropList' using base type 'CEGUI/ComboDropList', window renderer 'Core/Listbox' Look'N'Feel 'TaharezLook/ComboDropList' and RenderEffect ''. (0025BF94)
19/07/2014 23:20:01 (Std) 	Creating falagard mapping for type 'TaharezLook/ComboEditbox' using base type 'CEGUI/Editbox', window renderer 'Core/Editbox' Look'N'Feel 'TaharezLook/ComboEditbox' and RenderEffect ''. (0025BF94)
19/07/2014 23:20:01 (Std) 	Creating falagard mapping for type 'TaharezLook/Combobox' using base type 'CEGUI/Combobox', window renderer 'Core/Default' Look'N'Feel 'TaharezLook/Combobox' and RenderEffect ''. (0025BF94)
19/07/2014 23:20:01 (Std) 	Creating falagard mapping for type 'TaharezLook/Listbox' using base type 'CEGUI/Listbox', window renderer 'Core/Listbox' Look'N'Feel 'TaharezLook/Listbox' and RenderEffect ''. (0025BF94)
19/07/2014 23:20:01 (Std) 	Creating falagard mapping for type 'TaharezLook/ListHeader' using base type 'CEGUI/ListHeader', window renderer 'Core/ListHeader' Look'N'Feel 'TaharezLook/ListHeader' and RenderEffect ''. (0025BF94)
19/07/2014 23:20:01 (Std) 	Creating falagard mapping for type 'TaharezLook/ListHeaderSegment' using base type 'CEGUI/ListHeaderSegment', window renderer 'Core/ListHeaderSegment' Look'N'Feel 'TaharezLook/ListHeaderSegment' and RenderEffect ''. (0025BF94)
19/07/2014 23:20:01 (Std) 	Creating falagard mapping for type 'TaharezLook/MultiColumnList' using base type 'CEGUI/MultiColumnList', window renderer 'Core/MultiColumnList' Look'N'Feel 'TaharezLook/MultiColumnList' and RenderEffect ''. (0025BF94)
19/07/2014 23:20:01 (Std) 	Creating falagard mapping for type 'TaharezLook/Slider' using base type 'CEGUI/Slider', window renderer 'Core/Slider' Look'N'Feel 'TaharezLook/Slider' and RenderEffect ''. (0025BF94)
19/07/2014 23:20:01 (Std) 	Creating falagard mapping for type 'TaharezLook/SliderThumb' using base type 'CEGUI/Thumb', window renderer 'Core/Button' Look'N'Feel 'TaharezLook/SliderThumb' and RenderEffect ''. (0025BF94)
19/07/2014 23:20:01 (Std) 	Creating falagard mapping for type 'TaharezLook/ScrollablePane' using base type 'CEGUI/ScrollablePane', window renderer 'Core/ScrollablePane' Look'N'Feel 'TaharezLook/ScrollablePane' and RenderEffect ''. (0025BF94)
19/07/2014 23:20:01 (Std) 	Creating falagard mapping for type 'TaharezLook/Spinner' using base type 'CEGUI/Spinner', window renderer 'Core/Default' Look'N'Feel 'TaharezLook/Spinner' and RenderEffect ''. (0025BF94)
19/07/2014 23:20:01 (Std) 	Creating falagard mapping for type 'TaharezLook/Tooltip' using base type 'CEGUI/Tooltip', window renderer 'Core/Tooltip' Look'N'Feel 'TaharezLook/Tooltip' and RenderEffect ''. (0025BF94)
19/07/2014 23:20:01 (Std) 	Creating falagard mapping for type 'TaharezLook/StaticImage' using base type 'DefaultWindow', window renderer 'Core/StaticImage' Look'N'Feel 'TaharezLook/StaticImage' and RenderEffect ''. (0025BF94)
19/07/2014 23:20:01 (Std) 	Creating falagard mapping for type 'TaharezLook/StaticText' using base type 'DefaultWindow', window renderer 'Core/StaticText' Look'N'Feel 'TaharezLook/StaticText' and RenderEffect ''. (0025BF94)
19/07/2014 23:20:01 (Std) 	Creating falagard mapping for type 'TaharezLook/ItemListbox' using base type 'CEGUI/ItemListbox', window renderer 'Core/ItemListbox' Look'N'Feel 'TaharezLook/ItemListbox' and RenderEffect ''. (0025BF94)
19/07/2014 23:20:01 (Std) 	Creating falagard mapping for type 'TaharezLook/ListboxItem' using base type 'CEGUI/ItemEntry', window renderer 'Core/ItemEntry' Look'N'Feel 'TaharezLook/ListboxItem' and RenderEffect ''. (0025BF94)
19/07/2014 23:20:01 (Std) 	Creating falagard mapping for type 'TaharezLook/GroupBox' using base type 'DefaultWindow', window renderer 'Core/Default' Look'N'Feel 'TaharezLook/GroupBox' and RenderEffect ''. (0025BF94)
19/07/2014 23:20:01 (Std) 	Creating falagard mapping for type 'TaharezLook/Tree' using base type 'CEGUI/Tree', window renderer 'Core/Tree' Look'N'Feel 'TaharezLook/Tree' and RenderEffect ''. (0025BF94)
19/07/2014 23:20:01 (Std) 	Started creation of Scheme from XML specification:
19/07/2014 23:20:01 (Std) 	---- CEGUI GUIScheme name: AlfiskoSkin
19/07/2014 23:20:01 (Std) 	[ImageManager] Started creation of Imageset from XML specification:
19/07/2014 23:20:01 (Std) 	[ImageManager] ---- CEGUI Imageset name: AlfiskoSkin
19/07/2014 23:20:01 (Std) 	[ImageManager] ---- Source texture file: AlfiskoSkin.png
19/07/2014 23:20:01 (Std) 	[ImageManager] ---- Source texture resource group: (Default)
19/07/2014 23:20:01 (Std) 	[OpenGLRenderer] Created texture: AlfiskoSkin
19/07/2014 23:20:01 (Std) 	[ImageManager] Created image: 'AlfiskoSkin/WindowB' (04CD0ED0) of type: BasicImage
19/07/2014 23:20:01 (Std) 	[ImageManager] Created image: 'AlfiskoSkin/WindowL' (04A506E8) of type: BasicImage
19/07/2014 23:20:01 (Std) 	[ImageManager] Created image: 'AlfiskoSkin/WindowR' (04A508F8) of type: BasicImage
19/07/2014 23:20:01 (Std) 	[ImageManager] Created image: 'AlfiskoSkin/WindowT' (04A50B08) of type: BasicImage
19/07/2014 23:20:01 (Std) 	[ImageManager] Created image: 'AlfiskoSkin/EditboxB' (04A50D18) of type: BasicImage
19/07/2014 23:20:01 (Std) 	[ImageManager] Created image: 'AlfiskoSkin/EditboxL' (04A50F28) of type: BasicImage
19/07/2014 23:20:01 (Std) 	[ImageManager] Created image: 'AlfiskoSkin/EditboxR' (04A51138) of type: BasicImage
19/07/2014 23:20:01 (Std) 	[ImageManager] Created image: 'AlfiskoSkin/EditboxT' (04A51348) of type: BasicImage
19/07/2014 23:20:01 (Std) 	[ImageManager] Created image: 'AlfiskoSkin/WindowBL' (04A51558) of type: BasicImage
19/07/2014 23:20:01 (Std) 	[ImageManager] Created image: 'AlfiskoSkin/WindowBR' (04A51768) of type: BasicImage
19/07/2014 23:20:01 (Std) 	[ImageManager] Created image: 'AlfiskoSkin/WindowTL' (04A51978) of type: BasicImage
19/07/2014 23:20:01 (Std) 	[ImageManager] Created image: 'AlfiskoSkin/WindowTR' (04A51B88) of type: BasicImage
19/07/2014 23:20:01 (Std) 	[ImageManager] Created image: 'AlfiskoSkin/EditboxBL' (04A51D98) of type: BasicImage
19/07/2014 23:20:01 (Std) 	[ImageManager] Created image: 'AlfiskoSkin/EditboxBR' (04A51FA8) of type: BasicImage
19/07/2014 23:20:01 (Std) 	[ImageManager] Created image: 'AlfiskoSkin/EditboxTL' (04A521B8) of type: BasicImage
19/07/2014 23:20:01 (Std) 	[ImageManager] Created image: 'AlfiskoSkin/EditboxTR' (04A523C8) of type: BasicImage
19/07/2014 23:20:01 (Std) 	[ImageManager] Created image: 'AlfiskoSkin/MouseMove' (04A525D8) of type: BasicImage
19/07/2014 23:20:01 (Std) 	[ImageManager] Created image: 'AlfiskoSkin/MouseNeSw' (04A527E8) of type: BasicImage
19/07/2014 23:20:01 (Std) 	[ImageManager] Created image: 'AlfiskoSkin/NewImage1' (04A529F8) of type: BasicImage
19/07/2014 23:20:01 (Std) 	[ImageManager] Created image: 'AlfiskoSkin/MouseArrow' (04A52C08) of type: BasicImage
19/07/2014 23:20:01 (Std) 	[ImageManager] Created image: 'AlfiskoSkin/WindowFill' (04A52E18) of type: BasicImage
19/07/2014 23:20:01 (Std) 	[ImageManager] Created image: 'AlfiskoSkin/EditboxFill' (04A53028) of type: BasicImage
19/07/2014 23:20:01 (Std) 	[ImageManager] Created image: 'AlfiskoSkin/WindowClipB' (04A53238) of type: BasicImage
19/07/2014 23:20:01 (Std) 	[ImageManager] Created image: 'AlfiskoSkin/WindowClipL' (04A53448) of type: BasicImage
19/07/2014 23:20:01 (Std) 	[ImageManager] Created image: 'AlfiskoSkin/WindowClipR' (04A53658) of type: BasicImage
19/07/2014 23:20:01 (Std) 	[ImageManager] Created image: 'AlfiskoSkin/WindowClipT' (04A53868) of type: BasicImage
19/07/2014 23:20:01 (Std) 	[ImageManager] Created image: 'AlfiskoSkin/ButtonHoverB' (04A53A78) of type: BasicImage
19/07/2014 23:20:01 (Std) 	[ImageManager] Created image: 'AlfiskoSkin/ButtonHoverL' (04CD02D0) of type: BasicImage
19/07/2014 23:20:01 (Std) 	[ImageManager] Created image: 'AlfiskoSkin/ButtonHoverR' (04A53F88) of type: BasicImage
19/07/2014 23:20:01 (Std) 	[ImageManager] Created image: 'AlfiskoSkin/ButtonHoverT' (04CD0660) of type: BasicImage
19/07/2014 23:20:01 (Std) 	[ImageManager] Created image: 'AlfiskoSkin/GenericBrush' (04A4A978) of type: BasicImage
19/07/2014 23:20:01 (Std) 	[ImageManager] Created image: 'AlfiskoSkin/MouseTextBar' (04A54528) of type: BasicImage
19/07/2014 23:20:01 (Std) 	[ImageManager] Created image: 'AlfiskoSkin/ButtonHoverBL' (04A543A8) of type: BasicImage
19/07/2014 23:20:01 (Std) 	[ImageManager] Created image: 'AlfiskoSkin/ButtonHoverBR' (04ECC028) of type: BasicImage
19/07/2014 23:20:01 (Std) 	[ImageManager] Created image: 'AlfiskoSkin/ButtonHoverTL' (04ECC238) of type: BasicImage
19/07/2014 23:20:01 (Std) 	[ImageManager] Created image: 'AlfiskoSkin/ButtonHoverTR' (04ECC448) of type: BasicImage
19/07/2014 23:20:01 (Std) 	[ImageManager] Created image: 'AlfiskoSkin/ButtonNormalB' (04ECC658) of type: BasicImage
19/07/2014 23:20:01 (Std) 	[ImageManager] Created image: 'AlfiskoSkin/ButtonNormalL' (04ECC868) of type: BasicImage
19/07/2014 23:20:01 (Std) 	[ImageManager] Created image: 'AlfiskoSkin/ButtonNormalR' (04ECCA78) of type: BasicImage
19/07/2014 23:20:01 (Std) 	[ImageManager] Created image: 'AlfiskoSkin/ButtonNormalT' (04ECCC88) of type: BasicImage
19/07/2014 23:20:01 (Std) 	[ImageManager] Created image: 'AlfiskoSkin/ButtonPushedB' (04ECCE98) of type: BasicImage
19/07/2014 23:20:01 (Std) 	[ImageManager] Created image: 'AlfiskoSkin/ButtonPushedL' (04ECD0A8) of type: BasicImage
19/07/2014 23:20:01 (Std) 	[ImageManager] Created image: 'AlfiskoSkin/ButtonPushedR' (04ECD2B8) of type: BasicImage
19/07/2014 23:20:01 (Std) 	[ImageManager] Created image: 'AlfiskoSkin/ButtonPushedT' (04ECD4C8) of type: BasicImage
19/07/2014 23:20:01 (Std) 	[ImageManager] Created image: 'AlfiskoSkin/CheckboxHover' (04ECD6D8) of type: BasicImage
19/07/2014 23:20:01 (Std) 	[ImageManager] Created image: 'AlfiskoSkin/ProgressFullB' (04ECD8E8) of type: BasicImage
19/07/2014 23:20:01 (Std) 	[ImageManager] Created image: 'AlfiskoSkin/ProgressFullL' (04ECDAF8) of type: BasicImage
19/07/2014 23:20:01 (Std) 	[ImageManager] Created image: 'AlfiskoSkin/ProgressFullR' (04ECDD08) of type: BasicImage
19/07/2014 23:20:01 (Std) 	[ImageManager] Created image: 'AlfiskoSkin/ProgressFullT' (04ECDF18) of type: BasicImage
19/07/2014 23:20:01 (Std) 	[ImageManager] Created image: 'AlfiskoSkin/ScrollUpHover' (04ECE128) of type: BasicImage
19/07/2014 23:20:01 (Std) 	[ImageManager] Created image: 'AlfiskoSkin/ButtonNormalBL' (04ECE338) of type: BasicImage
19/07/2014 23:20:01 (Std) 	[ImageManager] Created image: 'AlfiskoSkin/ButtonNormalBR' (04ECE548) of type: BasicImage
19/07/2014 23:20:01 (Std) 	[ImageManager] Created image: 'AlfiskoSkin/ButtonNormalTL' (04ECE758) of type: BasicImage
19/07/2014 23:20:01 (Std) 	[ImageManager] Created image: 'AlfiskoSkin/ButtonNormalTR' (04ECE968) of type: BasicImage
19/07/2014 23:20:01 (Std) 	[ImageManager] Created image: 'AlfiskoSkin/ButtonPushedBL' (04ECEB78) of type: BasicImage
19/07/2014 23:20:01 (Std) 	[ImageManager] Created image: 'AlfiskoSkin/ButtonPushedBR' (04ECED88) of type: BasicImage
19/07/2014 23:20:01 (Std) 	[ImageManager] Created image: 'AlfiskoSkin/ButtonPushedTL' (04ECEF98) of type: BasicImage
19/07/2014 23:20:01 (Std) 	[ImageManager] Created image: 'AlfiskoSkin/ButtonPushedTR' (04ECF1A8) of type: BasicImage
19/07/2014 23:20:01 (Std) 	[ImageManager] Created image: 'AlfiskoSkin/CheckboxNormal' (04ECF3B8) of type: BasicImage
19/07/2014 23:20:01 (Std) 	[ImageManager] Created image: 'AlfiskoSkin/HorzScrollbarB' (04ECF5C8) of type: BasicImage
19/07/2014 23:20:01 (Std) 	[ImageManager] Created image: 'AlfiskoSkin/HorzScrollbarT' (04ECF7D8) of type: BasicImage
19/07/2014 23:20:01 (Std) 	[ImageManager] Created image: 'AlfiskoSkin/ProgressEmptyB' (04ECF9E8) of type: BasicImage
19/07/2014 23:20:01 (Std) 	[ImageManager] Created image: 'AlfiskoSkin/ProgressEmptyL' (04ECFBF8) of type: BasicImage
19/07/2014 23:20:01 (Std) 	[ImageManager] Created image: 'AlfiskoSkin/ProgressEmptyR' (04ECFE08) of type: BasicImage
19/07/2014 23:20:01 (Std) 	[ImageManager] Created image: 'AlfiskoSkin/ProgressEmptyT' (04ED0018) of type: BasicImage
19/07/2014 23:20:01 (Std) 	[ImageManager] Created image: 'AlfiskoSkin/ProgressFullBL' (04ED0228) of type: BasicImage
19/07/2014 23:20:01 (Std) 	[ImageManager] Created image: 'AlfiskoSkin/ProgressFullBR' (04ED0438) of type: BasicImage
19/07/2014 23:20:01 (Std) 	[ImageManager] Created image: 'AlfiskoSkin/ProgressFullTL' (04ED0648) of type: BasicImage
19/07/2014 23:20:01 (Std) 	[ImageManager] Created image: 'AlfiskoSkin/ProgressFullTR' (04ED0858) of type: BasicImage
19/07/2014 23:20:01 (Std) 	[ImageManager] Created image: 'AlfiskoSkin/ProgressShadow' (04ED0A68) of type: BasicImage
19/07/2014 23:20:01 (Std) 	[ImageManager] Created image: 'AlfiskoSkin/ScrollUpNormal' (04ED0C78) of type: BasicImage
19/07/2014 23:20:01 (Std) 	[ImageManager] Created image: 'AlfiskoSkin/ScrollUpPushed' (04ED0E88) of type: BasicImage
19/07/2014 23:20:01 (Std) 	[ImageManager] Created image: 'AlfiskoSkin/TitlebarDummy1' (04ED1098) of type: BasicImage
19/07/2014 23:20:01 (Std) 	[ImageManager] Created image: 'AlfiskoSkin/VertScrollbarL' (04ED12A8) of type: BasicImage
19/07/2014 23:20:01 (Std) 	[ImageManager] Created image: 'AlfiskoSkin/VertScrollbarR' (04ED14B8) of type: BasicImage
19/07/2014 23:20:01 (Std) 	[ImageManager] Created image: 'AlfiskoSkin/CheckboxChecked' (04ED16C8) of type: BasicImage
19/07/2014 23:20:01 (Std) 	[ImageManager] Created image: 'AlfiskoSkin/HorzThumbHoverB' (04ED18D8) of type: BasicImage
19/07/2014 23:20:01 (Std) 	[ImageManager] Created image: 'AlfiskoSkin/HorzThumbHoverT' (04ED1AE8) of type: BasicImage
19/07/2014 23:20:01 (Std) 	[ImageManager] Created image: 'AlfiskoSkin/ProgressEmptyBL' (04ED1CF8) of type: BasicImage
19/07/2014 23:20:01 (Std) 	[ImageManager] Created image: 'AlfiskoSkin/ProgressEmptyBR' (04ED1F08) of type: BasicImage
19/07/2014 23:20:01 (Std) 	[ImageManager] Created image: 'AlfiskoSkin/ProgressEmptyTL' (04ED2118) of type: BasicImage
19/07/2014 23:20:01 (Std) 	[ImageManager] Created image: 'AlfiskoSkin/ProgressEmptyTR' (04ED2328) of type: BasicImage
19/07/2014 23:20:01 (Std) 	[ImageManager] Created image: 'AlfiskoSkin/ScrollDownHover' (04ED2538) of type: BasicImage
19/07/2014 23:20:01 (Std) 	[ImageManager] Created image: 'AlfiskoSkin/ScrollLeftHover' (04ED2748) of type: BasicImage
19/07/2014 23:20:01 (Std) 	[ImageManager] Created image: 'AlfiskoSkin/TitlebarActiveB' (04ED2958) of type: BasicImage
19/07/2014 23:20:01 (Std) 	[ImageManager] Created image: 'AlfiskoSkin/TitlebarActiveL' (04ED2B68) of type: BasicImage
19/07/2014 23:20:01 (Std) 	[ImageManager] Created image: 'AlfiskoSkin/TitlebarActiveR' (04ED2D78) of type: BasicImage
19/07/2014 23:20:01 (Std) 	[ImageManager] Created image: 'AlfiskoSkin/TitlebarActiveT' (04ED2F88) of type: BasicImage
19/07/2014 23:20:01 (Std) 	[ImageManager] Created image: 'AlfiskoSkin/VertThumbHoverL' (04ED3198) of type: BasicImage
19/07/2014 23:20:01 (Std) 	[ImageManager] Created image: 'AlfiskoSkin/VertThumbHoverR' (04ED33A8) of type: BasicImage
19/07/2014 23:20:01 (Std) 	[ImageManager] Created image: 'AlfiskoSkin/ButtonHoverFill1' (04ED35B8) of type: BasicImage
19/07/2014 23:20:01 (Std) 	[ImageManager] Created image: 'AlfiskoSkin/ButtonHoverFill2' (04ED37C8) of type: BasicImage
19/07/2014 23:20:01 (Std) 	[ImageManager] Created image: 'AlfiskoSkin/HorzSliderTrackL' (04ED39D8) of type: BasicImage
19/07/2014 23:20:01 (Std) 	[ImageManager] Created image: 'AlfiskoSkin/HorzSliderTrackR' (04ED3BE8) of type: BasicImage
19/07/2014 23:20:01 (Std) 	[ImageManager] Created image: 'AlfiskoSkin/HorzThumbHoverBL' (04ED3DF8) of type: BasicImage
19/07/2014 23:20:01 (Std) 	[ImageManager] Created image: 'AlfiskoSkin/HorzThumbHoverBR' (04ED4008) of type: BasicImage
19/07/2014 23:20:01 (Std) 	[ImageManager] Created image: 'AlfiskoSkin/HorzThumbHoverTL' (04ED4218) of type: BasicImage
19/07/2014 23:20:01 (Std) 	[ImageManager] Created image: 'AlfiskoSkin/HorzThumbHoverTR' (04ED4428) of type: BasicImage
19/07/2014 23:20:01 (Std) 	[ImageManager] Created image: 'AlfiskoSkin/HorzThumbNormalB' (04ED4638) of type: BasicImage
19/07/2014 23:20:01 (Std) 	[ImageManager] Created image: 'AlfiskoSkin/HorzThumbNormalT' (04ED4848) of type: BasicImage
19/07/2014 23:20:01 (Std) 	[ImageManager] Created image: 'AlfiskoSkin/HorzThumbPushedB' (04ED4A58) of type: BasicImage
19/07/2014 23:20:01 (Std) 	[ImageManager] Created image: 'AlfiskoSkin/HorzThumbPushedT' (04ED4C68) of type: BasicImage
19/07/2014 23:20:01 (Std) 	[ImageManager] Created image: 'AlfiskoSkin/HorzThumbShadowL' (04ED4E78) of type: BasicImage
19/07/2014 23:20:01 (Std) 	[ImageManager] Created image: 'AlfiskoSkin/HorzThumbShadowR' (04ED5088) of type: BasicImage
19/07/2014 23:20:01 (Std) 	[ImageManager] Created image: 'AlfiskoSkin/ProgressFullFill' (04ED5298) of type: BasicImage
19/07/2014 23:20:01 (Std) 	[ImageManager] Created image: 'AlfiskoSkin/RadioButtonHover' (04ED54A8) of type: BasicImage
19/07/2014 23:20:01 (Std) 	[ImageManager] Created image: 'AlfiskoSkin/ScrollDownNormal' (04ED56B8) of type: BasicImage
19/07/2014 23:20:01 (Std) 	[ImageManager] Created image: 'AlfiskoSkin/ScrollDownPushed' (04ED58C8) of type: BasicImage
19/07/2014 23:20:01 (Std) 	[ImageManager] Created image: 'AlfiskoSkin/ScrollLeftNormal' (04ED5AD8) of type: BasicImage
19/07/2014 23:20:01 (Std) 	[ImageManager] Created image: 'AlfiskoSkin/ScrollLeftPushed' (04ED5CE8) of type: BasicImage
19/07/2014 23:20:01 (Std) 	[ImageManager] Created image: 'AlfiskoSkin/ScrollRightHover' (04ED5EF8) of type: BasicImage
19/07/2014 23:20:01 (Std) 	[ImageManager] Created image: 'AlfiskoSkin/TitlebarActiveBL' (04ED6108) of type: BasicImage
19/07/2014 23:20:01 (Std) 	[ImageManager] Created image: 'AlfiskoSkin/TitlebarActiveBR' (04ED6318) of type: BasicImage
19/07/2014 23:20:01 (Std) 	[ImageManager] Created image: 'AlfiskoSkin/TitlebarActiveTL' (04ED6528) of type: BasicImage
19/07/2014 23:20:01 (Std) 	[ImageManager] Created image: 'AlfiskoSkin/TitlebarActiveTR' (04ED6738) of type: BasicImage
19/07/2014 23:20:01 (Std) 	[ImageManager] Created image: 'AlfiskoSkin/VertSliderTrackB' (04ED6948) of type: BasicImage
19/07/2014 23:20:01 (Std) 	[ImageManager] Created image: 'AlfiskoSkin/VertSliderTrackT' (04ED6B58) of type: BasicImage
19/07/2014 23:20:01 (Std) 	[ImageManager] Created image: 'AlfiskoSkin/VertThumbHoverBL' (04ED6D68) of type: BasicImage
19/07/2014 23:20:01 (Std) 	[ImageManager] Created image: 'AlfiskoSkin/VertThumbHoverBR' (04ED6F78) of type: BasicImage
19/07/2014 23:20:01 (Std) 	[ImageManager] Created image: 'AlfiskoSkin/VertThumbHoverTL' (04ED7188) of type: BasicImage
19/07/2014 23:20:01 (Std) 	[ImageManager] Created image: 'AlfiskoSkin/VertThumbHoverTR' (04ED7398) of type: BasicImage
19/07/2014 23:20:01 (Std) 	[ImageManager] Created image: 'AlfiskoSkin/VertThumbNormalL' (04ED75A8) of type: BasicImage
19/07/2014 23:20:01 (Std) 	[ImageManager] Created image: 'AlfiskoSkin/VertThumbNormalR' (04ED77B8) of type: BasicImage
19/07/2014 23:20:01 (Std) 	[ImageManager] Created image: 'AlfiskoSkin/VertThumbPushedL' (04ED79C8) of type: BasicImage
19/07/2014 23:20:01 (Std) 	[ImageManager] Created image: 'AlfiskoSkin/VertThumbPushedR' (04ED7BD8) of type: BasicImage
19/07/2014 23:20:01 (Std) 	[ImageManager] Created image: 'AlfiskoSkin/VertThumbShadowB' (04ED7DE8) of type: BasicImage
19/07/2014 23:20:01 (Std) 	[ImageManager] Created image: 'AlfiskoSkin/VertThumbShadowT' (04ED7FF8) of type: BasicImage
19/07/2014 23:20:01 (Std) 	[ImageManager] Created image: 'AlfiskoSkin/ButtonNormalFill1' (04ED8208) of type: BasicImage
19/07/2014 23:20:01 (Std) 	[ImageManager] Created image: 'AlfiskoSkin/ButtonNormalFill2' (04ED8418) of type: BasicImage
19/07/2014 23:20:01 (Std) 	[ImageManager] Created image: 'AlfiskoSkin/ButtonPushedFill1' (04ED8628) of type: BasicImage
19/07/2014 23:20:01 (Std) 	[ImageManager] Created image: 'AlfiskoSkin/ButtonPushedFill2' (04ED8838) of type: BasicImage
19/07/2014 23:20:01 (Std) 	[ImageManager] Created image: 'AlfiskoSkin/CloseButtonNormal' (04ED8A48) of type: BasicImage
19/07/2014 23:20:01 (Std) 	[ImageManager] Created image: 'AlfiskoSkin/CloseButtonPushed' (04CD09F0) of type: BasicImage
19/07/2014 23:20:01 (Std) 	[ImageManager] Created image: 'AlfiskoSkin/HorzSliderShadowL' (04A59C18) of type: BasicImage
19/07/2014 23:20:01 (Std) 	[ImageManager] Created image: 'AlfiskoSkin/HorzSliderShadowR' (04A59D38) of type: BasicImage
19/07/2014 23:20:01 (Std) 	[ImageManager] Created image: 'AlfiskoSkin/HorzThumbNormalBL' (04A59F48) of type: BasicImage
19/07/2014 23:20:01 (Std) 	[ImageManager] Created image: 'AlfiskoSkin/HorzThumbNormalBR' (04A5A158) of type: BasicImage
19/07/2014 23:20:01 (Std) 	[ImageManager] Created image: 'AlfiskoSkin/HorzThumbNormalTL' (04A5A368) of type: BasicImage
19/07/2014 23:20:01 (Std) 	[ImageManager] Created image: 'AlfiskoSkin/HorzThumbNormalTR' (04A5A578) of type: BasicImage
19/07/2014 23:20:01 (Std) 	[ImageManager] Created image: 'AlfiskoSkin/HorzThumbPushedBL' (04A5A788) of type: BasicImage
19/07/2014 23:20:01 (Std) 	[ImageManager] Created image: 'AlfiskoSkin/HorzThumbPushedBR' (04A5A998) of type: BasicImage
19/07/2014 23:20:01 (Std) 	[ImageManager] Created image: 'AlfiskoSkin/HorzThumbPushedTL' (04A5ABA8) of type: BasicImage
19/07/2014 23:20:01 (Std) 	[ImageManager] Created image: 'AlfiskoSkin/HorzThumbPushedTR' (04A5ADB8) of type: BasicImage
19/07/2014 23:20:01 (Std) 	[ImageManager] Created image: 'AlfiskoSkin/ProgressEmptyFill' (04A5AFC8) of type: BasicImage
19/07/2014 23:20:01 (Std) 	[ImageManager] Created image: 'AlfiskoSkin/RadioButtonNormal' (04A5B1D8) of type: BasicImage
19/07/2014 23:20:01 (Std) 	[ImageManager] Created image: 'AlfiskoSkin/ScrollRightNormal' (04A5B3E8) of type: BasicImage
19/07/2014 23:20:01 (Std) 	[ImageManager] Created image: 'AlfiskoSkin/ScrollRightPushed' (04A5B5F8) of type: BasicImage
19/07/2014 23:20:01 (Std) 	[ImageManager] Created image: 'AlfiskoSkin/TitlebarInactiveB' (04A5B808) of type: BasicImage
19/07/2014 23:20:01 (Std) 	[ImageManager] Created image: 'AlfiskoSkin/TitlebarInactiveL' (04A5BA18) of type: BasicImage
19/07/2014 23:20:01 (Std) 	[ImageManager] Created image: 'AlfiskoSkin/TitlebarInactiveR' (04A5BC28) of type: BasicImage
19/07/2014 23:20:01 (Std) 	[ImageManager] Created image: 'AlfiskoSkin/TitlebarInactiveT' (04A5BE38) of type: BasicImage
19/07/2014 23:20:01 (Std) 	[ImageManager] Created image: 'AlfiskoSkin/VertSliderShadowB' (04A5C048) of type: BasicImage
19/07/2014 23:20:01 (Std) 	[ImageManager] Created image: 'AlfiskoSkin/VertSliderShadowT' (04A5C258) of type: BasicImage
19/07/2014 23:20:01 (Std) 	[ImageManager] Created image: 'AlfiskoSkin/VertThumbNormalBL' (04A5C468) of type: BasicImage
19/07/2014 23:20:01 (Std) 	[ImageManager] Created image: 'AlfiskoSkin/VertThumbNormalBR' (04A5C678) of type: BasicImage
19/07/2014 23:20:01 (Std) 	[ImageManager] Created image: 'AlfiskoSkin/VertThumbNormalTL' (04A5C888) of type: BasicImage
19/07/2014 23:20:01 (Std) 	[ImageManager] Created image: 'AlfiskoSkin/VertThumbNormalTR' (04A5CA98) of type: BasicImage
19/07/2014 23:20:01 (Std) 	[ImageManager] Created image: 'AlfiskoSkin/VertThumbPushedBL' (04A5CCA8) of type: BasicImage
19/07/2014 23:20:01 (Std) 	[ImageManager] Created image: 'AlfiskoSkin/VertThumbPushedBR' (04A5CEB8) of type: BasicImage
19/07/2014 23:20:01 (Std) 	[ImageManager] Created image: 'AlfiskoSkin/VertThumbPushedTL' (04A5D0C8) of type: BasicImage
19/07/2014 23:20:01 (Std) 	[ImageManager] Created image: 'AlfiskoSkin/VertThumbPushedTR' (04A5D2D8) of type: BasicImage
19/07/2014 23:20:01 (Std) 	[ImageManager] Created image: 'AlfiskoSkin/HorzScrollbarFill1' (04A5D4E8) of type: BasicImage
19/07/2014 23:20:01 (Std) 	[ImageManager] Created image: 'AlfiskoSkin/HorzScrollbarFill2' (04A5D6F8) of type: BasicImage
19/07/2014 23:20:01 (Std) 	[ImageManager] Created image: 'AlfiskoSkin/RadioButtonChecked' (04A5D908) of type: BasicImage
19/07/2014 23:20:01 (Std) 	[ImageManager] Created image: 'AlfiskoSkin/TitlebarInactiveBL' (04A5DB18) of type: BasicImage
19/07/2014 23:20:01 (Std) 	[ImageManager] Created image: 'AlfiskoSkin/TitlebarInactiveBR' (04A5DD28) of type: BasicImage
19/07/2014 23:20:01 (Std) 	[ImageManager] Created image: 'AlfiskoSkin/TitlebarInactiveTL' (04A5DF38) of type: BasicImage
19/07/2014 23:20:01 (Std) 	[ImageManager] Created image: 'AlfiskoSkin/TitlebarInactiveTR' (04A5E148) of type: BasicImage
19/07/2014 23:20:01 (Std) 	[ImageManager] Created image: 'AlfiskoSkin/VertScrollbarFill1' (04A5E358) of type: BasicImage
19/07/2014 23:20:01 (Std) 	[ImageManager] Created image: 'AlfiskoSkin/VertScrollbarFill2' (04A5E568) of type: BasicImage
19/07/2014 23:20:01 (Std) 	[ImageManager] Created image: 'AlfiskoSkin/HorzSliderTrackFill' (04A5E778) of type: BasicImage
19/07/2014 23:20:01 (Std) 	[ImageManager] Created image: 'AlfiskoSkin/TitlebarActiveFill1' (04A5E988) of type: BasicImage
19/07/2014 23:20:01 (Std) 	[ImageManager] Created image: 'AlfiskoSkin/TitlebarActiveFill2' (04A5EB98) of type: BasicImage
19/07/2014 23:20:01 (Std) 	[ImageManager] Created image: 'AlfiskoSkin/VertSliderTrackFill' (04A5EDA8) of type: BasicImage
19/07/2014 23:20:01 (Std) 	[ImageManager] Created image: 'AlfiskoSkin/HorzSliderThumbHover' (04A5EFB8) of type: BasicImage
19/07/2014 23:20:01 (Std) 	[ImageManager] Created image: 'AlfiskoSkin/VertSliderThumbHover' (04A5F288) of type: BasicImage
19/07/2014 23:20:01 (Std) 	[ImageManager] Created image: 'AlfiskoSkin/HorzSliderThumbNormal' (04A5F798) of type: BasicImage
19/07/2014 23:20:01 (Std) 	[ImageManager] Created image: 'AlfiskoSkin/HorzSliderThumbPushed' (04ED8DD8) of type: BasicImage
19/07/2014 23:20:01 (Std) 	[ImageManager] Created image: 'AlfiskoSkin/TitlebarInactiveFill1' (04A5FE80) of type: BasicImage
19/07/2014 23:20:01 (Std) 	[ImageManager] Created image: 'AlfiskoSkin/TitlebarInactiveFill2' (04A60220) of type: BasicImage
19/07/2014 23:20:01 (Std) 	[ImageManager] Created image: 'AlfiskoSkin/VertSliderThumbNormal' (04A605C0) of type: BasicImage
19/07/2014 23:20:01 (Std) 	[ImageManager] Created image: 'AlfiskoSkin/VertSliderThumbPushed' (04A60960) of type: BasicImage
19/07/2014 23:20:01 (Std) 	---- Returning existing instance of Font named 'DejaVuSans-12'.
19/07/2014 23:20:02 (Std) 	===== Falagard 'root' element: look and feel parsing begins =====
19/07/2014 23:20:02 (Std) 	===== Look and feel parsing completed =====
19/07/2014 23:20:02 (Std) 	No window renderer factories specified for module 'CEGUICoreWindowRendererSet' - adding all available factories...
19/07/2014 23:20:02 (Std) 	Creating falagard mapping for type 'AlfiskoSkin/Label' using base type 'DefaultWindow', window renderer 'Core/Default' Look'N'Feel 'AlfiskoSkin/Label' and RenderEffect ''. (0025BF94)
19/07/2014 23:20:02 (Std) 	Creating falagard mapping for type 'AlfiskoSkin/WhiteButton' using base type 'CEGUI/PushButton', window renderer 'Core/Button' Look'N'Feel 'AlfiskoSkin/WhiteButton' and RenderEffect ''. (0025BF94)
19/07/2014 23:20:02 (Std) 	Creating falagard mapping for type 'AlfiskoSkin/Button' using base type 'CEGUI/PushButton', window renderer 'Core/Button' Look'N'Feel 'AlfiskoSkin/Button' and RenderEffect ''. (0025BF94)
19/07/2014 23:20:02 (Std) 	Creating falagard mapping for type 'AlfiskoSkin/ImageButton' using base type 'CEGUI/PushButton', window renderer 'Core/Button' Look'N'Feel 'AlfiskoSkin/ImageButton' and RenderEffect ''. (0025BF94)
19/07/2014 23:20:02 (Std) 	Creating falagard mapping for type 'AlfiskoSkin/RadioButton' using base type 'CEGUI/RadioButton', window renderer 'Core/ToggleButton' Look'N'Feel 'AlfiskoSkin/RadioButton' and RenderEffect ''. (0025BF94)
19/07/2014 23:20:02 (Std) 	Creating falagard mapping for type 'AlfiskoSkin/Checkbox' using base type 'CEGUI/ToggleButton', window renderer 'Core/ToggleButton' Look'N'Feel 'AlfiskoSkin/Checkbox' and RenderEffect ''. (0025BF94)
19/07/2014 23:20:02 (Std) 	Creating falagard mapping for type 'AlfiskoSkin/Titlebar' using base type 'CEGUI/Titlebar', window renderer 'Core/Titlebar' Look'N'Feel 'AlfiskoSkin/Titlebar' and RenderEffect ''. (0025BF94)
19/07/2014 23:20:02 (Std) 	Creating falagard mapping for type 'AlfiskoSkin/FrameWindow' using base type 'CEGUI/FrameWindow', window renderer 'Core/FrameWindow' Look'N'Feel 'AlfiskoSkin/FrameWindow' and RenderEffect ''. (0025BF94)
19/07/2014 23:20:02 (Std) 	Creating falagard mapping for type 'AlfiskoSkin/Editbox' using base type 'CEGUI/Editbox', window renderer 'Core/Editbox' Look'N'Feel 'AlfiskoSkin/Editbox' and RenderEffect ''. (0025BF94)
19/07/2014 23:20:02 (Std) 	Creating falagard mapping for type 'AlfiskoSkin/VerticalScrollbarThumb' using base type 'CEGUI/Thumb', window renderer 'Core/Button' Look'N'Feel 'AlfiskoSkin/VerticalScrollbarThumb' and RenderEffect ''. (0025BF94)
19/07/2014 23:20:02 (Std) 	Creating falagard mapping for type 'AlfiskoSkin/VerticalScrollbar' using base type 'CEGUI/Scrollbar', window renderer 'Core/Scrollbar' Look'N'Feel 'AlfiskoSkin/VerticalScrollbar' and RenderEffect ''. (0025BF94)
19/07/2014 23:20:02 (Std) 	Creating falagard mapping for type 'AlfiskoSkin/HorizontalScrollbarThumb' using base type 'CEGUI/Thumb', window renderer 'Core/Button' Look'N'Feel 'AlfiskoSkin/HorizontalScrollbarThumb' and RenderEffect ''. (0025BF94)
19/07/2014 23:20:02 (Std) 	Creating falagard mapping for type 'AlfiskoSkin/HorizontalScrollbar' using base type 'CEGUI/Scrollbar', window renderer 'Core/Scrollbar' Look'N'Feel 'AlfiskoSkin/HorizontalScrollbar' and RenderEffect ''. (0025BF94)
19/07/2014 23:20:02 (Std) 	Creating falagard mapping for type 'AlfiskoSkin/MultiLineEditbox' using base type 'CEGUI/MultiLineEditbox', window renderer 'Core/MultiLineEditbox' Look'N'Feel 'AlfiskoSkin/MultiLineEditbox' and RenderEffect ''. (0025BF94)
19/07/2014 23:20:02 (Std) 	Creating falagard mapping for type 'AlfiskoSkin/ProgressBar' using base type 'CEGUI/ProgressBar', window renderer 'Core/ProgressBar' Look'N'Feel 'AlfiskoSkin/ProgressBar' and RenderEffect ''. (0025BF94)
19/07/2014 23:20:02 (Std) 	Creating falagard mapping for type 'AlfiskoSkin/HorizontalSliderThumb' using base type 'CEGUI/Thumb', window renderer 'Core/Button' Look'N'Feel 'AlfiskoSkin/HorizontalSliderThumb' and RenderEffect ''. (0025BF94)
19/07/2014 23:20:02 (Std) 	Creating falagard mapping for type 'AlfiskoSkin/HorizontalSlider' using base type 'CEGUI/Slider', window renderer 'Core/Slider' Look'N'Feel 'AlfiskoSkin/HorizontalSlider' and RenderEffect ''. (0025BF94)
19/07/2014 23:20:02 (Std) 	Creating falagard mapping for type 'AlfiskoSkin/VerticalSliderThumb' using base type 'CEGUI/Thumb', window renderer 'Core/Button' Look'N'Feel 'AlfiskoSkin/VerticalSliderThumb' and RenderEffect ''. (0025BF94)
19/07/2014 23:20:02 (Std) 	Creating falagard mapping for type 'AlfiskoSkin/VerticalSlider' using base type 'CEGUI/Slider', window renderer 'Core/Slider' Look'N'Feel 'AlfiskoSkin/VerticalSlider' and RenderEffect ''. (0025BF94)
19/07/2014 23:20:02 (Std) 	Creating falagard mapping for type 'AlfiskoSkin/MenuItem' using base type 'CEGUI/MenuItem', window renderer 'Core/MenuItem' Look'N'Feel 'AlfiskoSkin/MenuItem' and RenderEffect ''. (0025BF94)
19/07/2014 23:20:02 (Std) 	Started creation of Scheme from XML specification:
19/07/2014 23:20:02 (Std) 	---- CEGUI GUIScheme name: VanillaSkin
19/07/2014 23:20:02 (Std) 	[ImageManager] Started creation of Imageset from XML specification:
19/07/2014 23:20:02 (Std) 	[ImageManager] ---- CEGUI Imageset name: Vanilla-Images
19/07/2014 23:20:02 (Std) 	[ImageManager] ---- Source texture file: vanilla.png
19/07/2014 23:20:02 (Std) 	[ImageManager] ---- Source texture resource group: (Default)
19/07/2014 23:20:02 (Std) 	[OpenGLRenderer] Created texture: Vanilla-Images
19/07/2014 23:20:02 (Std) 	[ImageManager] Created image: 'Vanilla-Images/GenericBrush' (04EF11B0) of type: BasicImage
19/07/2014 23:20:02 (Std) 	[ImageManager] Created image: 'Vanilla-Images/FrameTopLeft' (04A46F38) of type: BasicImage
19/07/2014 23:20:02 (Std) 	[ImageManager] Created image: 'Vanilla-Images/FrameTopRight' (04EFDEC8) of type: BasicImage
19/07/2014 23:20:02 (Std) 	[ImageManager] Created image: 'Vanilla-Images/FrameBottomLeft' (04F07E98) of type: BasicImage
19/07/2014 23:20:02 (Std) 	[ImageManager] Created image: 'Vanilla-Images/FrameBottomRight' (04A54228) of type: BasicImage
19/07/2014 23:20:02 (Std) 	[ImageManager] Created image: 'Vanilla-Images/FrameLeft' (04A4AC18) of type: BasicImage
19/07/2014 23:20:02 (Std) 	[ImageManager] Created image: 'Vanilla-Images/FrameRight' (04A4B8A0) of type: BasicImage
19/07/2014 23:20:02 (Std) 	[ImageManager] Created image: 'Vanilla-Images/FrameTop' (04F05B00) of type: BasicImage
19/07/2014 23:20:02 (Std) 	[ImageManager] Created image: 'Vanilla-Images/FrameBottom' (04F05D10) of type: BasicImage
19/07/2014 23:20:02 (Std) 	[ImageManager] Created image: 'Vanilla-Images/ScrollUpArrow' (04F05F20) of type: BasicImage
19/07/2014 23:20:02 (Std) 	[ImageManager] Created image: 'Vanilla-Images/ScrollDownArrow' (04F06130) of type: BasicImage
19/07/2014 23:20:02 (Std) 	[ImageManager] Created image: 'Vanilla-Images/VertScrollContainer' (04A62D40) of type: BasicImage
19/07/2014 23:20:02 (Std) 	[ImageManager] Created image: 'Vanilla-Images/ScrollLeftArrow' (04F064C0) of type: BasicImage
19/07/2014 23:20:02 (Std) 	[ImageManager] Created image: 'Vanilla-Images/ScrollRightArrow' (04A631D0) of type: BasicImage
19/07/2014 23:20:02 (Std) 	[ImageManager] Created image: 'Vanilla-Images/HorzScrollContainer' (04A633E0) of type: BasicImage
19/07/2014 23:20:02 (Std) 	[ImageManager] Created image: 'Vanilla-Images/ScrollbarThumb' (04A63848) of type: BasicImage
19/07/2014 23:20:02 (Std) 	[ImageManager] Created image: 'Vanilla-Images/ShadowBrush' (04A63A58) of type: BasicImage
19/07/2014 23:20:02 (Std) 	[ImageManager] Created image: 'Vanilla-Images/MouseArrow' (04A63C68) of type: BasicImage
19/07/2014 23:20:02 (Std) 	[ImageManager] Created image: 'Vanilla-Images/CheckboxNormal' (04A63E78) of type: BasicImage
19/07/2014 23:20:02 (Std) 	[ImageManager] Created image: 'Vanilla-Images/CheckboxHover' (04A64088) of type: BasicImage
19/07/2014 23:20:02 (Std) 	[ImageManager] Created image: 'Vanilla-Images/CheckboxMark' (04A64298) of type: BasicImage
19/07/2014 23:20:02 (Std) 	[ImageManager] Created image: 'Vanilla-Images/RadioButtonNormal' (04A644A8) of type: BasicImage
19/07/2014 23:20:02 (Std) 	[ImageManager] Created image: 'Vanilla-Images/RadioButtonHover' (04A64838) of type: BasicImage
19/07/2014 23:20:02 (Std) 	[ImageManager] Created image: 'Vanilla-Images/RadioButtonMark' (04A64A48) of type: BasicImage
19/07/2014 23:20:02 (Std) 	[ImageManager] Created image: 'Vanilla-Images/SliderScrollUpArrow' (04A64C58) of type: BasicImage
19/07/2014 23:20:02 (Std) 	[ImageManager] Created image: 'Vanilla-Images/SliderScrollDownArrow' (04A653C0) of type: BasicImage
19/07/2014 23:20:02 (Std) 	[ImageManager] Created image: 'Vanilla-Images/SliderScrollLeftArrow' (04A65240) of type: BasicImage
19/07/2014 23:20:02 (Std) 	[ImageManager] Created image: 'Vanilla-Images/SliderScrollRightArrow' (04A65DD0) of type: BasicImage
19/07/2014 23:20:02 (Std) 	[ImageManager] Created image: 'Vanilla-Images/VerticalImageSliderThumb' (04A66268) of type: BasicImage
19/07/2014 23:20:02 (Std) 	[ImageManager] Created image: 'Vanilla-Images/HorizontalImageSliderThumb' (04A66718) of type: BasicImage
19/07/2014 23:20:02 (Std) 	[ImageManager] Created image: 'Vanilla-Images/VerticalImageSliderContainer' (04A66BE0) of type: BasicImage
19/07/2014 23:20:02 (Std) 	[ImageManager] Created image: 'Vanilla-Images/HorizontalImageSliderContainer' (04A670C0) of type: BasicImage
19/07/2014 23:20:02 (Std) 	[ImageManager] Created image: 'Vanilla-Images/DefaultScrollImage' (04A65AD0) of type: BasicImage
19/07/2014 23:20:02 (Std) 	[ImageManager] Created image: 'Vanilla-Images/VerticalImageSliderTopEnd' (04A53D78) of type: BasicImage
19/07/2014 23:20:02 (Std) 	[ImageManager] Created image: 'Vanilla-Images/VerticalImageSliderBottomEnd' (04A67A78) of type: BasicImage
19/07/2014 23:20:02 (Std) 	[ImageManager] Created image: 'Vanilla-Images/HorizontalImageSliderLeftEnd' (04A678F8) of type: BasicImage
19/07/2014 23:20:02 (Std) 	[ImageManager] Created image: 'Vanilla-Images/HorizontalImageSliderRightEnd' (04EFA6A0) of type: BasicImage
19/07/2014 23:20:02 (Std) 	[ImageManager] Created image: 'Vanilla-Images/ColourPickerCursor' (04A686D8) of type: BasicImage
19/07/2014 23:20:02 (Std) 	[ImageManager] Created image: 'Vanilla-Images/TooltipBottomEdge' (04A687F8) of type: BasicImage
19/07/2014 23:20:02 (Std) 	[ImageManager] Created image: 'Vanilla-Images/TooltipBottomLeft' (04A68918) of type: BasicImage
19/07/2014 23:20:02 (Std) 	[ImageManager] Created image: 'Vanilla-Images/TooltipTopEdge' (04A68A38) of type: BasicImage
19/07/2014 23:20:02 (Std) 	[ImageManager] Created image: 'Vanilla-Images/TooltipTopRight' (04A68C48) of type: BasicImage
19/07/2014 23:20:02 (Std) 	[ImageManager] Created image: 'Vanilla-Images/TooltipRightEdge' (04A68E58) of type: BasicImage
19/07/2014 23:20:02 (Std) 	[ImageManager] Created image: 'Vanilla-Images/TooltipTopLeft' (04A69068) of type: BasicImage
19/07/2014 23:20:02 (Std) 	[ImageManager] Created image: 'Vanilla-Images/TooltipLeftEdge' (04A69278) of type: BasicImage
19/07/2014 23:20:02 (Std) 	[ImageManager] Created image: 'Vanilla-Images/TooltipMiddle' (04A69488) of type: BasicImage
19/07/2014 23:20:02 (Std) 	[ImageManager] Created image: 'Vanilla-Images/TooltipBottomRight' (04A69698) of type: BasicImage
19/07/2014 23:20:02 (Std) 	[ImageManager] Created image: 'Vanilla-Images/DropDownButtonNormal' (04A69BB8) of type: BasicImage
19/07/2014 23:20:02 (Std) 	[ImageManager] Created image: 'Vanilla-Images/DropDownButtonHover' (04A65BF0) of type: BasicImage
19/07/2014 23:20:02 (Std) 	[ImageManager] Created image: 'Vanilla-Images/DropDownButtonPushed' (04A6A370) of type: BasicImage
19/07/2014 23:20:02 (Std) 	===== Falagard 'root' element: look and feel parsing begins =====
19/07/2014 23:20:02 (Std) 	===== Look and feel parsing completed =====
19/07/2014 23:20:02 (Std) 	No window renderer factories specified for module 'CEGUICoreWindowRendererSet' - adding all available factories...
19/07/2014 23:20:02 (Std) 	Creating falagard mapping for type 'Vanilla/Label' using base type 'DefaultWindow', window renderer 'Core/Default' Look'N'Feel 'Vanilla/Label' and RenderEffect ''. (0025BF94)
19/07/2014 23:20:02 (Std) 	Creating falagard mapping for type 'Vanilla/Titlebar' using base type 'CEGUI/Titlebar', window renderer 'Core/Titlebar' Look'N'Feel 'Vanilla/Titlebar' and RenderEffect ''. (0025BF94)
19/07/2014 23:20:02 (Std) 	Creating falagard mapping for type 'Vanilla/Button' using base type 'CEGUI/PushButton', window renderer 'Core/Button' Look'N'Feel 'Vanilla/Button' and RenderEffect ''. (0025BF94)
19/07/2014 23:20:02 (Std) 	Creating falagard mapping for type 'Vanilla/FrameWindow' using base type 'CEGUI/FrameWindow', window renderer 'Core/FrameWindow' Look'N'Feel 'Vanilla/FrameWindow' and RenderEffect ''. (0025BF94)
19/07/2014 23:20:02 (Std) 	Creating falagard mapping for type 'Vanilla/Editbox' using base type 'CEGUI/Editbox', window renderer 'Core/Editbox' Look'N'Feel 'Vanilla/Editbox' and RenderEffect ''. (0025BF94)
19/07/2014 23:20:02 (Std) 	Creating falagard mapping for type 'Vanilla/VerticalScrollbarThumb' using base type 'CEGUI/Thumb', window renderer 'Core/Button' Look'N'Feel 'Vanilla/VerticalScrollbarThumb' and RenderEffect ''. (0025BF94)
19/07/2014 23:20:02 (Std) 	Creating falagard mapping for type 'Vanilla/VerticalScrollbar' using base type 'CEGUI/Scrollbar', window renderer 'Core/Scrollbar' Look'N'Feel 'Vanilla/VerticalScrollbar' and RenderEffect ''. (0025BF94)
19/07/2014 23:20:02 (Std) 	Creating falagard mapping for type 'Vanilla/HorizontalScrollbarThumb' using base type 'CEGUI/Thumb', window renderer 'Core/Button' Look'N'Feel 'Vanilla/HorizontalScrollbarThumb' and RenderEffect ''. (0025BF94)
19/07/2014 23:20:02 (Std) 	Creating falagard mapping for type 'Vanilla/HorizontalScrollbar' using base type 'CEGUI/Scrollbar', window renderer 'Core/Scrollbar' Look'N'Feel 'Vanilla/HorizontalScrollbar' and RenderEffect ''. (0025BF94)
19/07/2014 23:20:02 (Std) 	Creating falagard mapping for type 'Vanilla/StaticImage' using base type 'DefaultWindow', window renderer 'Core/StaticImage' Look'N'Feel 'Vanilla/StaticImage' and RenderEffect ''. (0025BF94)
19/07/2014 23:20:02 (Std) 	Creating falagard mapping for type 'Vanilla/StaticText' using base type 'DefaultWindow', window renderer 'Core/StaticText' Look'N'Feel 'Vanilla/StaticText' and RenderEffect ''. (0025BF94)
19/07/2014 23:20:02 (Std) 	Creating falagard mapping for type 'Vanilla/Listbox' using base type 'CEGUI/Listbox', window renderer 'Core/Listbox' Look'N'Feel 'Vanilla/Listbox' and RenderEffect ''. (0025BF94)
19/07/2014 23:20:02 (Std) 	Creating falagard mapping for type 'Vanilla/MultiLineEditbox' using base type 'CEGUI/MultiLineEditbox', window renderer 'Core/MultiLineEditbox' Look'N'Feel 'Vanilla/MultiLineEditbox' and RenderEffect ''. (0025BF94)
19/07/2014 23:20:02 (Std) 	Creating falagard mapping for type 'Vanilla/ComboDropList' using base type 'CEGUI/ComboDropList', window renderer 'Core/Listbox' Look'N'Feel 'Vanilla/ComboDropList' and RenderEffect ''. (0025BF94)
19/07/2014 23:20:02 (Std) 	Creating falagard mapping for type 'Vanilla/Combobox' using base type 'CEGUI/Combobox', window renderer 'Core/Default' Look'N'Feel 'Vanilla/Combobox' and RenderEffect ''. (0025BF94)
19/07/2014 23:20:02 (Std) 	Creating falagard mapping for type 'Vanilla/ProgressBar' using base type 'CEGUI/ProgressBar', window renderer 'Core/ProgressBar' Look'N'Feel 'Vanilla/ProgressBar' and RenderEffect ''. (0025BF94)
19/07/2014 23:20:02 (Std) 	Creating falagard mapping for type 'Vanilla/Checkbox' using base type 'CEGUI/ToggleButton', window renderer 'Core/ToggleButton' Look'N'Feel 'Vanilla/Checkbox' and RenderEffect ''. (0025BF94)
19/07/2014 23:20:02 (Std) 	Creating falagard mapping for type 'Vanilla/RadioButton' using base type 'CEGUI/RadioButton', window renderer 'Core/ToggleButton' Look'N'Feel 'Vanilla/RadioButton' and RenderEffect ''. (0025BF94)
19/07/2014 23:20:02 (Std) 	Creating falagard mapping for type 'Vanilla/Tooltip' using base type 'CEGUI/Tooltip', window renderer 'Core/Tooltip' Look'N'Feel 'Vanilla/Tooltip' and RenderEffect ''. (0025BF94)
19/07/2014 23:20:02 (Std) 	Started creation of Scheme from XML specification:
19/07/2014 23:20:02 (Std) 	---- CEGUI GUIScheme name: VanillaCommonDialogs
19/07/2014 23:20:02 (Std) 	===== Falagard 'root' element: look and feel parsing begins =====
19/07/2014 23:20:02 (Std) 	===== Look and feel parsing completed =====
19/07/2014 23:20:02 (Std) 	No window renderer factories specified for module 'CEGUICoreWindowRendererSet' - adding all available factories...
19/07/2014 23:20:02 (Std) 	Creating falagard mapping for type 'Vanilla/VerticalImageSliderThumb' using base type 'CEGUI/Thumb', window renderer 'Core/Button' Look'N'Feel 'Vanilla/VerticalImageSliderThumb' and RenderEffect ''. (0025BF94)
19/07/2014 23:20:02 (Std) 	Creating falagard mapping for type 'Vanilla/VerticalImageSlider' using base type 'CEGUI/Slider', window renderer 'Core/Slider' Look'N'Feel 'Vanilla/VerticalImageSlider' and RenderEffect ''. (0025BF94)
19/07/2014 23:20:02 (Std) 	Creating falagard mapping for type 'Vanilla/HorizontalImageSliderThumb' using base type 'CEGUI/Thumb', window renderer 'Core/Button' Look'N'Feel 'Vanilla/HorizontalImageSliderThumb' and RenderEffect ''. (0025BF94)
19/07/2014 23:20:02 (Std) 	Creating falagard mapping for type 'Vanilla/HorizontalImageSlider' using base type 'CEGUI/Slider', window renderer 'Core/Slider' Look'N'Feel 'Vanilla/HorizontalImageSlider' and RenderEffect ''. (0025BF94)
19/07/2014 23:20:02 (Std) 	Creating falagard mapping for type 'Vanilla/FrameColourRect' using base type 'DefaultWindow', window renderer 'Core/Default' Look'N'Feel 'Vanilla/FrameColourRect' and RenderEffect ''. (0025BF94)
19/07/2014 23:20:02 (Std) 	Creating falagard mapping for type 'Vanilla/ColourPicker' using base type 'CEGUI/ColourPicker', window renderer 'Core/Default' Look'N'Feel 'Vanilla/ColourPicker' and RenderEffect ''. (0025BF94)
19/07/2014 23:20:02 (Std) 	Creating falagard mapping for type 'Vanilla/ColourPickerControls' using base type 'CEGUI/ColourPickerControls', window renderer 'Core/Default' Look'N'Feel 'Vanilla/ColourPickerControls' and RenderEffect ''. (0025BF94)
19/07/2014 23:20:02 (Std) 	Created WindowFactory for 'CEGUI/ColourPicker' windows.
19/07/2014 23:20:02 (Std) 	WindowFactory for 'CEGUI/ColourPicker' windows added. (050376D8)
19/07/2014 23:20:02 (Std) 	Created WindowFactory for 'CEGUI/ColourPickerControls' windows.
19/07/2014 23:20:02 (Std) 	WindowFactory for 'CEGUI/ColourPickerControls' windows added. (050467B0)
19/07/2014 23:20:02 (Std) 	---- Returning existing instance of Font named 'DejaVuSans-10-NoScale'.
19/07/2014 23:20:02 (Std) 	[OpenGLRenderer] Created texture: _ogl_tt_tex_0
19/07/2014 23:20:02 (Std) 	[OpenGLRenderer] Created texture: _ogl_tt_tex_1
19/07/2014 23:20:02 (Std) 	[OpenGLRenderer] Created texture: _ogl_tt_tex_2
19/07/2014 23:20:02 (Std) 	[OpenGLRenderer] Created texture: _ogl_tt_tex_3
19/07/2014 23:20:02 (Std) 	[OpenGLRenderer] Created texture: _ogl_tt_tex_4
19/07/2014 23:20:02 (Std) 	---- Successfully completed loading of GUI layout from 'CustomLayouts/MainMenu.layout' ----
19/07/2014 23:20:02 (Std) 	[OpenGLRenderer] Created texture: DejaVuSans-12_auto_glyph_images_32
